2017-12-19 13:02:42 1513684962256 NodeID 2 Last 128 Counter 61 DataLen 9 Contacts [ID-last-max-cnt] 000000000021 -71 -65 7
2017-12-19 13:02:57 1513684977258 NodeID 2 Last 128 Counter 62 DataLen 9 Contacts [ID-last-max-cnt] 000000000021 -64 -64 7
2017-12-19 13:03:12 1513684992244 NodeID 2 Last 128 Counter 63 DataLen 9 Contacts [ID-last-max-cnt] 000000000021 -71 -64 7
2017-12-19 13:03:27 1513685007246 NodeID 2 Last 128 Counter 64 DataLen 9 Contacts [ID-last-max-cnt] 000000000021 -68 -64 9
2017-12-19 13:03:32 1513685012245 NodeID 4 Last 128 Counter 42 DataLen 45 Contacts [ID-last-max-cnt] 00000000009F -92 -91 4 000000000099 -93 -92 3 000000000097 -82 -82 7 00000000009A -93 -93 1 00000000008D -85 -85 2
2017-12-19 13:03:42 1513685022393 NodeID 2 Last 128 Counter 65 DataLen 9 Contacts [ID-last-max-cnt] 000000000021 -65 -65 7
2017-12-19 13:03:47 1513685027376 NodeID 4 Last 128 Counter 43 DataLen 54 Contacts [ID-last-max-cnt] 00000000008D -85 -85 5 000000000097 -82 -82 5 000000000099 -93 -92 4 00000000008B -91 -91 1 000000000023 -91 -91 1 00000000009F -92 -92 1
2017-12-19 13:03:57 1513685037249 NodeID 2 Last 128 Counter 66 DataLen 9 Contacts [ID-last-max-cnt] 000000000021 -65 -65 5
2017-12-19 13:04:02 1513685042248 NodeID 4 Last 128 Counter 44 DataLen 36 Contacts [ID-last-max-cnt] 00000000008B -92 -92 1 000000000097 -89 -82 6 00000000008D -92 -86 2 00000000009F -92 -92 2
2017-12-19 13:04:12 1513685052251 NodeID 2 Last 128 Counter 67 DataLen 9 Contacts [ID-last-max-cnt] 000000000021 -70 -65 7
2017-12-19 13:04:17 1513685057246 NodeID 4 Last 128 Counter 45 DataLen 45 Contacts [ID-last-max-cnt] 00000000009F -90 -90 3 000000000097 -88 -82 5 00000000008D -85 -85 2 000000000099 -94 -94 1 000000000023 -91 -91 1
2017-12-19 13:04:27 1513685067253 NodeID 2 Last 128 Counter 68 DataLen 9 Contacts [ID-last-max-cnt] 000000000021 -77 -65 9
2017-12-19 13:04:32 1513685072887 NodeID 4 Last 128 Counter 46 DataLen 54 Contacts [ID-last-max-cnt] 0000000000A5 -90 -90 3 000000000097 -83 -82 4 000000000099 -93 -92 2 00000000008D -87 -85 3 00000000009F -91 -91 1 000000000023 -90 -90 1
2017-12-19 13:04:42 1513685082509 NodeID 2 Last 128 Counter 69 DataLen 9 Contacts [ID-last-max-cnt] 000000000021 -67 -65 8
2017-12-19 13:04:47 1513685087364 NodeID 4 Last 128 Counter 47 DataLen 36 Contacts [ID-last-max-cnt] 00000000008D -91 -85 5 000000000023 -91 -91 4 00000000009F -92 -91 2 000000000097 -87 -82 5
2017-12-19 13:04:57 1513685097255 NodeID 2 Last 128 Counter 70 DataLen 9 Contacts [ID-last-max-cnt] 000000000021 -68 -66 8
2017-12-19 13:05:02 1513685102388 NodeID 4 Last 128 Counter 48 DataLen 63 Contacts [ID-last-max-cnt] 00000000008D -86 -85 3 000000000097 -87 -82 4 00000000009F -92 -91 2 0000000000A5 -93 -92 2 000000000099 -92 -92 4 000000000023 -91 -90 2 00000000008B -92 -92 1
2017-12-19 13:05:12 1513685112251 NodeID 2 Last 128 Counter 71 DataLen 9 Contacts [ID-last-max-cnt] 000000000021 -76 -65 8
2017-12-19 13:05:17 1513685117887 NodeID 4 Last 128 Counter 49 DataLen 63 Contacts [ID-last-max-cnt] 000000000097 -87 -82 5 00000000009F -91 -91 2 000000000099 -93 -92 2 000000000023 -92 -91 2 00000000008D -87 -86 2 0000000000A5 -93 -93 1 00000000008B -91 -91 1
2017-12-19 13:05:27 1513685127254 NodeID 2 Last 128 Counter 72 DataLen 9 Contacts [ID-last-max-cnt] 000000000021 -69 -65 8
2017-12-19 13:05:32 1513685132389 NodeID 4 Last 128 Counter 50 DataLen 63 Contacts [ID-last-max-cnt] 00000000009F -92 -91 3 0000000000A5 -93 -93 2 00000000008B -91 -91 1 000000000023 -91 -90 3 000000000099 -91 -91 1 00000000008D -91 -86 2 000000000097 -82 -82 3
2017-12-19 13:05:42 1513685142252 NodeID 2 Last 128 Counter 73 DataLen 9 Contacts [ID-last-max-cnt] 000000000021 -67 -64 7
2017-12-19 13:05:47 1513685147375 NodeID 4 Last 128 Counter 51 DataLen 45 Contacts [ID-last-max-cnt] 000000000097 -87 -82 6 000000000023 -90 -90 2 00000000008D -90 -85 2 00000000009F -91 -91 2 000000000099 -92 -92 2
