2017-12-19 12:49:57 1513684197349 NodeID 2 Last 128 Counter 12 DataLen 9 Contacts [ID-last-max-cnt] 000000000021 -68 -67 8
2017-12-19 12:50:02 1513684202473 NodeID 4 Last 128 Counter 126 DataLen 36 Contacts [ID-last-max-cnt] 00000000008B -92 -90 3 0000000000A9 -91 -90 4 000000000023 -92 -92 2 000000000097 -93 -90 3
2017-12-19 12:50:04 1513684204474 NodeID 135 Last 128 Counter 64 DataLen 9 Contacts [ID-last-max-cnt] 000000000024 -21 -19 8
2017-12-19 12:50:09 1513684209357 NodeID 132 Last 128 Counter 124 DataLen 108 Contacts [ID-last-max-cnt] 00000000009A -89 -87 7 000000000023 -48 -48 9 000000000099 -90 -88 6 000000000024 -82 -75 8 00000000008D -88 -87 6 000000000091 -89 -87 5 00000000009F -87 -86 6 0000000000A5 -93 -93 2 00000000008B -93 -91 3 000000000095 -93 -93 2 00000000008F -92 -92 2 000000000089 -93 -93 2
2017-12-19 12:50:18 1513684218843 NodeID 4 Last 128 Counter 127 DataLen 36 Contacts [ID-last-max-cnt] 0000000000A9 -91 -91 2 000000000097 -90 -90 3 00000000008B -90 -90 2 000000000023 -92 -92 1
2017-12-19 12:50:19 1513684219864 NodeID 135 Last 128 Counter 65 DataLen 81 Contacts [ID-last-max-cnt] 000000000024 -20 -19 8 000000000049 -86 -75 2 00000000004A -86 -73 2 00000000004B -88 -71 2 00000000004C -87 -79 2 000000000046 -83 -83 1 000000000047 -77 -77 1 000000000048 -78 -78 1 00000000004D -90 -90 1
2017-12-19 12:50:24 1513684224365 NodeID 132 Last 128 Counter 125 DataLen 117 Contacts [ID-last-max-cnt] 000000000024 -80 -75 10 00000000008D -87 -86 8 000000000023 -51 -48 8 000000000099 -90 -88 5 000000000091 -89 -88 4 00000000009A -88 -87 4 000000000089 -92 -92 1 00000000009F -88 -86 5 000000000095 -93 -92 2 0000000000A5 -94 -94 2 00000000008B -92 -91 2 00000000008F -92 -92 3 0000000000A2 -94 -94 1
2017-12-19 12:50:27 1513684227343 NodeID 2 Last 128 Counter 13 DataLen 9 Contacts [ID-last-max-cnt] 000000000021 -71 -66 7
2017-12-19 12:50:32 1513684232354 NodeID 4 Last 128 Counter 1 DataLen 36 Contacts [ID-last-max-cnt] 000000000097 -91 -90 4 000000000023 -92 -92 2 00000000008B -92 -92 1 0000000000A9 -90 -90 1
2017-12-19 12:50:35 1513684235244 NodeID 135 Last 128 Counter 66 DataLen 144 Contacts [ID-last-max-cnt] 000000000049 -73 -73 5 00000000004A -73 -73 5 000000000024 -19 -19 8 00000000004B -74 -74 5 00000000004C -74 -74 5 00000000004D -71 -71 4 00000000004E -66 -66 5 000000000041 -65 -65 5 000000000042 -66 -66 5 000000000044 -71 -71 4 000000000045 -71 -71 5 000000000046 -70 -70 4 000000000047 -75 -72 5 000000000048 -72 -72 4 000000000040 -65 -65 4 000000000043 -67 -67 3
2017-12-19 12:50:39 1513684239367 NodeID 132 Last 128 Counter 126 DataLen 108 Contacts [ID-last-max-cnt] 000000000091 -88 -88 6 00000000009A -88 -88 6 000000000089 -92 -92 3 00000000009F -87 -87 5 000000000023 -49 -48 8 000000000095 -92 -92 3 00000000008B -92 -92 3 000000000099 -88 -87 6 000000000024 -75 -75 8 00000000008D -89 -87 7 0000000000A5 -94 -94 2 0000000000A2 -92 -92 1
2017-12-19 12:50:42 1513684242473 NodeID 2 Last 128 Counter 14 DataLen 9 Contacts [ID-last-max-cnt] 000000000021 -69 -66 7
2017-12-19 12:50:47 1513684247355 NodeID 4 Last 128 Counter 2 DataLen 36 Contacts [ID-last-max-cnt] 000000000097 -92 -91 4 00000000009F -93 -93 1 000000000023 -91 -91 1 000000000099 -94 -94 1
2017-12-19 12:50:54 1513684254364 NodeID 132 Last 128 Counter 127 DataLen 117 Contacts [ID-last-max-cnt] 00000000009A -88 -88 6 00000000009F -86 -86 8 000000000023 -48 -48 8 000000000099 -91 -88 6 000000000024 -82 -75 8 00000000008D -88 -85 7 000000000091 -88 -88 4 00000000008F -91 -91 2 0000000000A5 -93 -93 2 00000000008B -91 -91 2 000000000089 -93 -92 3 000000000095 -92 -92 1 00000000004D -93 -93 1
2017-12-19 12:50:57 1513684257470 NodeID 2 Last 128 Counter 15 DataLen 9 Contacts [ID-last-max-cnt] 000000000021 -68 -66 7
2017-12-19 12:51:02 1513684262343 NodeID 4 Last 128 Counter 3 DataLen 36 Contacts [ID-last-max-cnt] 00000000008B -91 -91 3 000000000097 -91 -90 4 000000000023 -92 -92 3 000000000099 -93 -93 2
2017-12-19 12:51:04 1513684264494 NodeID 135 Last 128 Counter 68 DataLen 144 Contacts [ID-last-max-cnt] 00000000004C -86 -62 9 00000000004E -65 -65 9 000000000041 -69 -65 7 000000000042 -77 -67 7 000000000043 -78 -67 7 000000000045 -76 -66 7 000000000047 -78 -66 7 000000000048 -87 -69 7 000000000049 -72 -67 6 000000000024 -20 -19 8 00000000004A -64 -64 5 00000000004B -81 -63 7 00000000004D -82 -65 9 000000000040 -70 -65 7 000000000044 -74 -66 6 000000000046 -82 -65 6
2017-12-19 12:51:09 1513684269374 NodeID 132 Last 128 Counter 1 DataLen 243 Contacts [ID-last-max-cnt] 00000000009A -88 -88 5 00000000009F -87 -86 6 000000000023 -48 -48 8 000000000024 -79 -75 8 00000000008D -86 -86 8 00000000008B -94 -93 3 000000000099 -90 -88 5 000000000098 -95 -95 1 000000000091 -88 -88 4 000000000089 -93 -92 3 000000000095 -94 -94 1 00000000008F -90 -90 1 000000000044 -90 -89 2 000000000045 -88 -85 2 000000000046 -89 -81 2 0000000000A2 -93 -93 1 000000000047 -82 -82 1 000000000048 -89 -89 1 000000000049 -86 -86 1 00000000004B -90 -90 1 00000000004C -84 -84 1 00000000004D -83 -83 1 00000000004E -89 -89 1 000000000040 -91 -91 1 000000000041 -89 -89 1 000000000042 -89 -89 1 000000000043 -90 -90 1
2017-12-19 12:51:12 1513684272352 NodeID 2 Last 128 Counter 16 DataLen 9 Contacts [ID-last-max-cnt] 000000000021 -78 -67 7
2017-12-19 12:51:17 1513684277347 NodeID 4 Last 128 Counter 4 DataLen 36 Contacts [ID-last-max-cnt] 000000000097 -90 -90 3 000000000023 -91 -91 1 000000000099 -93 -93 1 00000000008B -92 -92 1
2017-12-19 12:51:19 1513684279617 NodeID 135 Last 128 Counter 69 DataLen 144 Contacts [ID-last-max-cnt] 000000000040 -82 -52 8 000000000041 -65 -47 8 000000000042 -88 -46 9 000000000043 -81 -52 9 000000000044 -86 -54 8 000000000045 -77 -61 6 000000000046 -87 -62 6 000000000047 -81 -60 6 000000000024 -19 -19 8 000000000049 -81 -56 7 00000000004A -82 -57 7 00000000004C -81 -55 5 00000000004D -78 -49 6 00000000004E -80 -48 6 000000000048 -79 -53 6 00000000004B -78 -61 5
2017-12-19 12:51:24 1513684284373 NodeID 132 Last 128 Counter 2 DataLen 243 Contacts [ID-last-max-cnt] 00000000004B -84 -79 5 00000000004C -88 -76 7 00000000004D -88 -80 6 00000000004E -87 -83 6 000000000023 -48 -48 7 000000000041 -88 -81 4 000000000042 -85 -85 5 000000000024 -79 -75 8 00000000008D -87 -87 8 000000000045 -82 -80 6 000000000046 -83 -76 8 000000000047 -86 -75 9 000000000091 -89 -88 5 000000000048 -83 -79 6 000000000049 -88 -75 5 00000000004A -87 -74 5 00000000009A -89 -88 4 00000000009F -87 -86 4 000000000095 -91 -91 3 0000000000A5 -93 -93 2 000000000040 -86 -80 5 000000000099 -90 -88 4 00000000008B -93 -93 1 000000000043 -83 -81 4 000000000044 -81 -79 5 00000000008F -91 -91 3 0000000000A2 -93 -93 2
2017-12-19 12:51:27 1513684287340 NodeID 2 Last 128 Counter 17 DataLen 9 Contacts [ID-last-max-cnt] 000000000021 -77 -67 8
2017-12-19 12:51:32 1513684292351 NodeID 4 Last 128 Counter 5 DataLen 9 Contacts [ID-last-max-cnt] 000000000097 -92 -90 3
2017-12-19 12:51:34 1513684294615 NodeID 135 Last 128 Counter 70 DataLen 126 Contacts [ID-last-max-cnt] 00000000004D -81 -81 1 000000000041 -90 -85 2 000000000024 -21 -19 8 000000000044 -90 -87 3 000000000046 -90 -90 1 000000000047 -88 -88 1 000000000048 -93 -90 2 000000000049 -86 -86 1 00000000004A -93 -90 2 000000000043 -87 -87 1 000000000045 -88 -88 2 00000000004B -89 -89 1 00000000004C -89 -89 1 000000000040 -93 -93 1
2017-12-19 12:51:39 1513684299370 NodeID 132 Last 128 Counter 3 DataLen 252 Contacts [ID-last-max-cnt] 000000000048 -86 -86 2 000000000091 -89 -88 5 000000000049 -90 -83 2 00000000004A -78 -78 1 00000000004B -81 -81 1 00000000009A -86 -86 6 00000000004C -83 -83 1 000000000089 -93 -91 3 00000000009F -88 -87 7 00000000004D -88 -88 1 000000000023 -51 -48 8 00000000004E -88 -88 1 000000000040 -89 -89 1 000000000095 -94 -92 3 0000000000A5 -95 -93 2 000000000041 -89 -89 1 000000000042 -83 -83 1 000000000099 -91 -88 6 000000000043 -79 -79 1 000000000024 -75 -74 8 00000000008B -93 -93 3 000000000044 -76 -76 1 00000000008D -90 -85 8 000000000045 -81 -81 1 000000000046 -88 -88 1 000000000047 -80 -80 1 000000000098 -95 -95 1 00000000008F -91 -91 1
2017-12-19 12:51:42 1513684302352 NodeID 2 Last 128 Counter 18 DataLen 9 Contacts [ID-last-max-cnt] 000000000021 -69 -67 8
2017-12-19 12:51:48 1513684308590 NodeID 4 Last 128 Counter 6 DataLen 36 Contacts [ID-last-max-cnt] 00000000008B -91 -91 2 0000000000A9 -91 -91 2 000000000023 -93 -93 2 000000000097 -90 -90 2
2017-12-19 12:51:49 1513684309867 NodeID 135 Last 128 Counter 71 DataLen 81 Contacts [ID-last-max-cnt] 000000000024 -21 -19 8 000000000042 -87 -87 1 000000000044 -92 -92 1 000000000045 -90 -90 1 00000000004C -91 -91 1 00000000004A -89 -89 1 00000000004D -92 -92 1 00000000004E -91 -91 1 000000000043 -90 -90 1
2017-12-19 12:51:54 1513684314365 NodeID 132 Last 128 Counter 4 DataLen 117 Contacts [ID-last-max-cnt] 00000000009F -87 -87 8 000000000023 -46 -45 9 000000000099 -91 -88 6 000000000024 -83 -74 8 00000000008D -88 -86 9 000000000091 -90 -87 6 00000000008F -94 -92 3 00000000009A -88 -87 5 000000000089 -92 -92 3 000000000095 -92 -92 1 0000000000A5 -90 -90 1 00000000008B -92 -92 1 0000000000A2 -93 -93 1
2017-12-19 12:51:57 1513684317359 NodeID 2 Last 128 Counter 19 DataLen 9 Contacts [ID-last-max-cnt] 000000000021 -67 -67 7
2017-12-19 12:52:02 1513684322354 NodeID 4 Last 128 Counter 7 DataLen 45 Contacts [ID-last-max-cnt] 0000000000A5 -92 -92 1 000000000099 -93 -93 1 000000000097 -90 -89 3 00000000004E -94 -94 1 00000000008B -92 -92 1
2017-12-19 12:52:05 1513684325357 NodeID 135 Last 128 Counter 72 DataLen 63 Contacts [ID-last-max-cnt] 000000000044 -92 -90 3 000000000024 -20 -19 8 000000000048 -92 -92 1 000000000047 -91 -91 1 000000000042 -91 -91 1 00000000004A -87 -87 1 00000000004B -92 -92 1
2017-12-19 12:52:09 1513684329371 NodeID 132 Last 128 Counter 5 DataLen 117 Contacts [ID-last-max-cnt] 000000000024 -82 -75 8 00000000008D -87 -87 8 00000000009F -87 -87 5 000000000023 -51 -48 8 000000000091 -90 -89 5 00000000009A -88 -87 4 000000000089 -93 -93 2 0000000000A5 -93 -92 3 000000000099 -91 -89 3 00000000008B -91 -91 2 00000000008F -92 -92 1 0000000000A2 -93 -93 2 000000000095 -93 -93 1
2017-12-19 12:52:12 1513684332335 NodeID 2 Last 128 Counter 20 DataLen 18 Contacts [ID-last-max-cnt] 000000000021 -77 -67 9 000000000043 -91 -91 1
2017-12-19 12:52:17 1513684337375 NodeID 4 Last 128 Counter 8 DataLen 171 Contacts [ID-last-max-cnt] 000000000045 -84 -84 4 000000000046 -83 -81 4 000000000048 -91 -74 3 000000000097 -91 -90 3 000000000049 -77 -77 2 00000000004B -87 -81 5 00000000004D -93 -80 5 00000000004E -75 -75 2 000000000041 -88 -77 5 000000000042 -84 -78 6 000000000043 -86 -74 5 000000000044 -88 -81 4 0000000000A9 -91 -91 2 000000000047 -84 -76 3 00000000004A -89 -79 3 000000000040 -83 -77 3 00000000004C -87 -78 3 000000000023 -92 -92 1 00000000008B -91 -91 1
2017-12-19 12:52:19 1513684339856 NodeID 135 Last 128 Counter 73 DataLen 9 Contacts [ID-last-max-cnt] 000000000024 -19 -19 8
2017-12-19 12:52:24 1513684344364 NodeID 132 Last 128 Counter 6 DataLen 108 Contacts [ID-last-max-cnt] 000000000024 -78 -75 7 00000000008D -87 -86 7 000000000091 -89 -89 4 00000000009A -87 -87 6 00000000009F -88 -86 6 000000000023 -49 -48 8 0000000000A5 -94 -93 2 000000000099 -91 -88 5 00000000008B -93 -92 2 0000000000A2 -93 -93 2 000000000095 -93 -93 1 00000000008F -93 -93 1
2017-12-19 12:52:27 1513684347359 NodeID 2 Last 128 Counter 21 DataLen 72 Contacts [ID-last-max-cnt] 00000000004D -89 -89 1 00000000004E -89 -89 3 000000000021 -68 -67 8 000000000047 -85 -85 1 000000000044 -92 -92 1 000000000048 -86 -86 1 000000000049 -88 -88 1 00000000004B -90 -90 3
2017-12-19 12:52:32 1513684352483 NodeID 4 Last 128 Counter 9 DataLen 162 Contacts [ID-last-max-cnt] 000000000044 -85 -84 6 000000000045 -91 -85 4 0000000000A5 -95 -95 1 000000000046 -88 -86 2 000000000047 -93 -85 3 000000000048 -87 -85 4 000000000049 -87 -81 2 000000000097 -91 -91 3 00000000004A -81 -81 3 00000000004C -79 -79 3 00000000004E -88 -88 2 000000000040 -87 -87 5 000000000041 -88 -86 4 000000000043 -91 -83 4 00000000008B -89 -89 2 0000000000A9 -90 -90 2 00000000004D -84 -83 3 000000000042 -90 -90 1
2017-12-19 12:52:34 1513684354849 NodeID 135 Last 128 Counter 74 DataLen 9 Contacts [ID-last-max-cnt] 000000000024 -21 -19 8
2017-12-19 12:52:39 1513684359366 NodeID 132 Last 128 Counter 7 DataLen 117 Contacts [ID-last-max-cnt] 000000000099 -90 -88 6 000000000024 -75 -75 8 00000000008B -92 -91 4 000000000098 -95 -95 2 00000000008D -87 -86 7 000000000091 -89 -89 6 00000000009A -88 -87 5 00000000009F -87 -87 6 000000000023 -48 -48 8 00000000008F -93 -93 2 000000000089 -89 -89 2 000000000095 -92 -92 1 0000000000A5 -89 -87 3
2017-12-19 12:52:42 1513684362364 NodeID 2 Last 128 Counter 22 DataLen 144 Contacts [ID-last-max-cnt] 000000000044 -77 -75 7 000000000021 -67 -67 8 00000000004D -73 -73 5 00000000004E -75 -75 6 000000000041 -78 -78 6 000000000042 -78 -77 4 000000000043 -71 -71 6 000000000046 -79 -71 6 000000000047 -79 -72 5 00000000004B -71 -71 6 000000000040 -80 -80 5 000000000048 -78 -75 5 000000000049 -83 -80 3 00000000004A -76 -73 4 000000000045 -75 -75 4 00000000004C -74 -74 2
2017-12-19 12:52:47 1513684367495 NodeID 4 Last 128 Counter 10 DataLen 153 Contacts [ID-last-max-cnt] 000000000049 -92 -92 1 000000000023 -91 -91 3 000000000042 -91 -85 3 00000000004C -88 -88 2 00000000004E -88 -88 3 000000000097 -92 -91 2 000000000047 -90 -90 2 000000000048 -90 -86 2 00000000004B -84 -84 2 00000000004D -92 -91 2 000000000041 -87 -87 1 00000000008B -89 -89 1 0000000000A9 -92 -92 1 000000000043 -90 -90 1 00000000004A -89 -89 1 000000000040 -87 -87 2 000000000046 -87 -87 1
2017-12-19 12:52:50 1513684370473 NodeID 135 Last 128 Counter 75 DataLen 9 Contacts [ID-last-max-cnt] 000000000024 -21 -19 8
2017-12-19 12:52:54 1513684374742 NodeID 132 Last 128 Counter 8 DataLen 108 Contacts [ID-last-max-cnt] 000000000099 -90 -88 6 000000000024 -83 -75 9 00000000008D -89 -86 7 000000000091 -90 -88 6 00000000008F -92 -92 1 00000000009A -88 -87 5 00000000009F -86 -86 6 000000000023 -48 -48 8 000000000095 -94 -93 2 0000000000A5 -92 -92 2 00000000008B -90 -90 1 0000000000A2 -93 -93 1
2017-12-19 12:52:57 1513684377366 NodeID 2 Last 128 Counter 23 DataLen 144 Contacts [ID-last-max-cnt] 00000000004C -74 -68 7 00000000004E -79 -60 7 000000000040 -80 -68 6 000000000041 -79 -70 7 000000000042 -72 -69 8 000000000043 -76 -68 8 000000000044 -78 -72 7 000000000045 -72 -68 7 000000000021 -75 -67 8 000000000046 -74 -74 6 000000000047 -75 -71 7 000000000048 -76 -70 7 000000000049 -78 -69 7 00000000004A -71 -71 5 00000000004B -84 -77 5 00000000004D -77 -68 6
2017-12-19 12:53:02 1513684382358 NodeID 4 Last 128 Counter 11 DataLen 72 Contacts [ID-last-max-cnt] 00000000008B -90 -90 3 000000000045 -87 -87 1 000000000046 -89 -89 1 000000000097 -91 -89 3 00000000004E -88 -88 1 000000000040 -91 -91 1 000000000047 -87 -87 1 000000000023 -90 -90 2
2017-12-19 12:53:04 1513684384599 NodeID 135 Last 128 Counter 76 DataLen 9 Contacts [ID-last-max-cnt] 000000000024 -20 -19 8
2017-12-19 12:53:09 1513684389364 NodeID 132 Last 128 Counter 9 DataLen 108 Contacts [ID-last-max-cnt] 00000000008D -87 -86 9 000000000023 -51 -48 8 000000000024 -79 -75 8 000000000091 -90 -88 5 00000000009A -88 -88 5 00000000009F -88 -86 5 0000000000A5 -93 -93 2 000000000099 -92 -88 6 00000000008B -93 -93 1 000000000095 -95 -95 2 000000000089 -93 -93 1 00000000008F -92 -92 1
2017-12-19 12:53:12 1513684392365 NodeID 2 Last 128 Counter 24 DataLen 144 Contacts [ID-last-max-cnt] 00000000004C -82 -63 7 00000000004D -89 -63 7 00000000004E -82 -61 7 000000000040 -79 -59 7 000000000041 -78 -66 6 000000000042 -80 -64 6 000000000043 -83 -61 6 000000000044 -75 -63 6 000000000045 -88 -66 6 000000000021 -78 -64 7 000000000046 -81 -64 7 000000000047 -81 -64 8 000000000048 -80 -64 7 000000000049 -80 -62 8 00000000004A -77 -60 6 00000000004B -82 -69 5
2017-12-19 12:53:17 1513684397365 NodeID 4 Last 128 Counter 12 DataLen 81 Contacts [ID-last-max-cnt] 000000000097 -90 -90 2 00000000008B -91 -91 3 0000000000A9 -93 -92 2 000000000095 -94 -94 1 000000000049 -90 -90 1 00000000004A -90 -90 1 00000000004D -92 -92 1 000000000043 -87 -87 1 000000000044 -90 -90 1
2017-12-19 12:53:19 1513684399719 NodeID 135 Last 128 Counter 77 DataLen 9 Contacts [ID-last-max-cnt] 000000000024 -19 -19 8
2017-12-19 12:53:24 1513684404363 NodeID 132 Last 128 Counter 10 DataLen 108 Contacts [ID-last-max-cnt] 00000000009A -89 -88 5 000000000089 -92 -92 2 00000000009F -88 -86 7 000000000023 -48 -48 8 000000000099 -89 -88 5 000000000024 -75 -75 7 00000000008D -89 -86 8 000000000091 -89 -89 5 00000000008B -93 -91 2 000000000095 -94 -94 1 0000000000A5 -92 -91 2 00000000008F -92 -92 1
2017-12-19 12:53:27 1513684407366 NodeID 2 Last 128 Counter 25 DataLen 144 Contacts [ID-last-max-cnt] 000000000049 -81 -75 7 00000000004B -82 -75 7 00000000004C -78 -77 7 00000000004D -87 -70 6 00000000004E -83 -74 7 000000000040 -81 -74 5 000000000041 -87 -74 6 000000000042 -89 -73 6 000000000043 -81 -74 5 000000000044 -88 -78 5 000000000021 -69 -67 8 000000000046 -82 -79 4 000000000047 -81 -79 6 000000000048 -78 -74 5 00000000004A -76 -68 6 000000000045 -81 -70 5
2017-12-19 12:53:32 1513684412365 NodeID 4 Last 128 Counter 13 DataLen 81 Contacts [ID-last-max-cnt] 000000000097 -91 -90 4 000000000048 -90 -90 1 000000000049 -87 -87 1 00000000004B -92 -92 1 00000000004C -90 -90 1 000000000023 -91 -91 1 000000000041 -92 -92 1 000000000045 -93 -93 1 00000000008B -92 -92 1
2017-12-19 12:53:39 1513684419361 NodeID 132 Last 128 Counter 11 DataLen 99 Contacts [ID-last-max-cnt] 000000000023 -49 -48 9 000000000024 -82 -75 8 00000000008D -88 -86 8 00000000008F -92 -92 2 000000000091 -89 -88 6 00000000009A -88 -88 4 00000000009F -88 -87 4 000000000089 -94 -94 1 0000000000A5 -93 -93 2 000000000099 -90 -88 4 00000000008B -93 -92 2
2017-12-19 12:53:42 1513684422365 NodeID 2 Last 128 Counter 26 DataLen 144 Contacts [ID-last-max-cnt] 00000000004D -82 -82 6 000000000040 -84 -77 8 000000000041 -86 -72 7 000000000042 -83 -73 5 000000000043 -87 -75 6 000000000021 -67 -67 8 000000000046 -88 -77 6 000000000047 -83 -82 5 000000000048 -79 -73 5 00000000004A -86 -81 4 00000000004B -85 -76 6 00000000004C -87 -75 6 00000000004E -84 -80 7 000000000044 -87 -73 6 000000000045 -85 -73 4 000000000049 -85 -78 6
2017-12-19 12:53:47 1513684427372 NodeID 4 Last 128 Counter 14 DataLen 162 Contacts [ID-last-max-cnt] 000000000023 -91 -91 2 00000000004E -92 -92 1 000000000040 -88 -84 3 000000000041 -88 -88 2 000000000097 -90 -90 3 000000000043 -90 -84 3 00000000004B -85 -85 2 00000000004C -89 -89 1 0000000000A9 -92 -92 2 000000000045 -90 -90 1 000000000046 -92 -86 2 000000000047 -85 -85 1 000000000048 -90 -89 2 000000000049 -90 -90 1 000000000042 -87 -87 1 00000000009F -94 -94 1 000000000044 -89 -89 2 00000000008B -90 -90 1
2017-12-19 12:53:49 1513684429597 NodeID 135 Last 128 Counter 79 DataLen 9 Contacts [ID-last-max-cnt] 000000000024 -20 -19 8
2017-12-19 12:53:54 1513684434367 NodeID 132 Last 128 Counter 12 DataLen 126 Contacts [ID-last-max-cnt] 00000000009F -87 -86 5 000000000023 -48 -48 8 000000000099 -90 -88 6 000000000024 -83 -75 9 00000000008D -86 -86 6 00000000008B -91 -91 1 000000000091 -88 -88 5 00000000009A -89 -88 4 000000000095 -93 -93 2 000000000042 -91 -91 1 000000000045 -93 -93 1 00000000008F -92 -92 2 0000000000A5 -93 -93 2 0000000000A2 -93 -93 1
2017-12-19 12:53:57 1513684437352 NodeID 2 Last 128 Counter 27 DataLen 144 Contacts [ID-last-max-cnt] 000000000041 -89 -81 2 000000000042 -90 -82 4 000000000043 -85 -77 4 000000000021 -77 -68 6 000000000044 -84 -82 7 000000000045 -86 -79 6 000000000046 -86 -76 4 000000000047 -93 -81 4 000000000048 -91 -85 4 000000000049 -87 -77 5 00000000004C -91 -89 4 00000000004D -80 -80 2 00000000004E -90 -83 4 000000000040 -83 -82 3 00000000004A -87 -79 3 00000000004B -90 -83 3
2017-12-19 12:54:02 1513684442357 NodeID 4 Last 128 Counter 15 DataLen 171 Contacts [ID-last-max-cnt] 00000000004E -81 -78 6 000000000040 -84 -81 7 000000000041 -76 -76 8 000000000097 -92 -91 3 000000000045 -82 -80 4 000000000046 -79 -79 3 000000000049 -78 -77 4 00000000004A -78 -76 3 00000000004B -76 -76 4 00000000004C -74 -74 4 00000000004D -77 -77 3 00000000008B -91 -91 3 000000000042 -75 -75 4 000000000043 -81 -81 3 000000000044 -83 -77 3 000000000047 -74 -74 3 000000000048 -80 -80 3 000000000023 -91 -91 2 0000000000A9 -92 -92 1
2017-12-19 12:54:04 1513684444469 NodeID 135 Last 128 Counter 80 DataLen 9 Contacts [ID-last-max-cnt] 000000000024 -19 -19 8
2017-12-19 12:54:09 1513684449376 NodeID 132 Last 128 Counter 13 DataLen 126 Contacts [ID-last-max-cnt] 000000000023 -51 -48 8 000000000024 -78 -75 8 00000000008B -89 -89 2 00000000008D -87 -86 8 000000000091 -89 -88 5 00000000009A -89 -87 5 00000000009F -87 -87 6 0000000000A5 -94 -93 3 000000000099 -90 -88 5 000000000089 -93 -93 1 000000000043 -89 -89 1 000000000044 -88 -88 1 000000000045 -89 -89 1 00000000008F -91 -91 1
2017-12-19 12:54:12 1513684452368 NodeID 2 Last 128 Counter 28 DataLen 126 Contacts [ID-last-max-cnt] 000000000045 -88 -88 2 000000000047 -95 -90 2 00000000004B -86 -86 2 00000000004C -86 -86 3 000000000040 -88 -88 2 000000000021 -78 -67 7 000000000048 -92 -92 1 00000000004D -86 -86 2 00000000004E -92 -85 2 000000000041 -91 -91 2 000000000042 -90 -90 1 000000000043 -89 -89 1 000000000044 -90 -90 1 000000000046 -87 -87 1
2017-12-19 12:54:17 1513684457371 NodeID 4 Last 128 Counter 16 DataLen 189 Contacts [ID-last-max-cnt] 00000000004D -88 -74 6 000000000040 -82 -63 4 000000000041 -85 -67 5 000000000042 -82 -67 6 000000000043 -87 -76 5 000000000044 -92 -67 4 000000000045 -82 -70 5 000000000097 -93 -89 5 000000000046 -81 -70 6 000000000047 -81 -74 5 000000000049 -80 -66 5 00000000004A -86 -73 5 00000000004C -83 -71 5 00000000004E -84 -64 4 0000000000A9 -92 -92 2 000000000048 -81 -70 4 000000000023 -92 -92 2 00000000004B -82 -74 4 0000000000A2 -93 -93 1 00000000009F -94 -94 1 00000000008B -93 -93 1
2017-12-19 12:54:19 1513684459714 NodeID 135 Last 128 Counter 81 DataLen 9 Contacts [ID-last-max-cnt] 000000000024 -19 -19 8
2017-12-19 12:54:24 1513684464377 NodeID 132 Last 128 Counter 14 DataLen 252 Contacts [ID-last-max-cnt] 00000000009A -89 -87 6 00000000009F -88 -87 6 000000000023 -49 -48 9 000000000048 -83 -80 9 000000000049 -83 -80 9 00000000004A -83 -79 7 00000000004B -83 -79 7 000000000099 -88 -88 5 00000000004C -83 -78 7 000000000024 -75 -75 8 00000000008B -90 -90 3 00000000004D -83 -78 7 00000000004E -83 -79 7 00000000008D -88 -86 8 000000000040 -83 -80 7 000000000041 -83 -79 7 000000000042 -83 -80 7 000000000091 -89 -88 7 000000000043 -83 -80 7 000000000044 -83 -79 7 000000000045 -83 -78 8 000000000046 -83 -78 9 000000000089 -93 -93 3 000000000047 -83 -80 9 00000000008F -94 -93 2 0000000000A5 -93 -90 4 000000000098 -94 -94 1 000000000095 -92 -92 1
2017-12-19 12:54:27 1513684467355 NodeID 2 Last 128 Counter 29 DataLen 18 Contacts [ID-last-max-cnt] 000000000047 -89 -89 1 000000000021 -73 -67 6
2017-12-19 12:54:32 1513684472367 NodeID 4 Last 128 Counter 17 DataLen 153 Contacts [ID-last-max-cnt] 00000000004A -71 -71 6 00000000004B -72 -72 6 00000000004C -73 -73 5 00000000004D -74 -74 5 00000000004E -74 -74 6 000000000040 -74 -74 5 000000000041 -74 -74 5 000000000042 -74 -74 6 000000000043 -74 -74 5 000000000044 -75 -75 6 000000000045 -76 -76 7 000000000097 -93 -91 5 000000000046 -76 -76 6 000000000047 -77 -76 6 000000000048 -78 -74 7 000000000049 -78 -71 7 0000000000A5 -93 -93 1
2017-12-19 12:54:34 1513684474721 NodeID 135 Last 128 Counter 82 DataLen 9 Contacts [ID-last-max-cnt] 000000000024 -21 -19 8
2017-12-19 12:54:39 1513684479375 NodeID 132 Last 128 Counter 15 DataLen 243 Contacts [ID-last-max-cnt] 000000000049 -78 -78 2 00000000004A -77 -77 2 00000000004B -82 -82 1 00000000004C -82 -82 1 000000000099 -90 -88 6 000000000024 -82 -75 9 00000000004D -81 -81 1 00000000004E -82 -82 1 00000000008D -89 -86 8 000000000040 -91 -81 2 000000000041 -81 -81 1 000000000091 -88 -88 6 000000000042 -91 -81 2 000000000043 -92 -80 2 00000000009A -88 -88 6 000000000044 -80 -80 1 000000000045 -81 -81 1 00000000009F -86 -86 5 000000000046 -82 -82 1 000000000023 -48 -48 8 000000000047 -81 -81 1 000000000048 -80 -80 1 00000000008F -93 -91 2 0000000000A5 -93 -91 3 00000000008B -93 -91 3 000000000089 -93 -93 2 000000000095 -94 -94 1
2017-12-19 12:54:44 1513684484355 NodeID 2 Last 128 Counter 30 DataLen 9 Contacts [ID-last-max-cnt] 000000000021 -67 -67 8
2017-12-19 12:54:47 1513684487353 NodeID 4 Last 128 Counter 18 DataLen 153 Contacts [ID-last-max-cnt] 00000000004A -68 -68 10 00000000004B -68 -68 7 00000000004C -68 -67 7 00000000004D -67 -67 6 00000000004E -67 -67 5 000000000040 -67 -67 6 000000000041 -67 -67 5 000000000042 -67 -67 5 000000000043 -67 -67 5 000000000044 -67 -67 6 000000000045 -67 -67 6 000000000097 -94 -92 3 000000000046 -67 -67 6 000000000047 -68 -68 6 000000000048 -68 -68 6 000000000049 -68 -68 7 000000000023 -93 -93 1
2017-12-19 12:54:49 1513684489582 NodeID 135 Last 128 Counter 83 DataLen 9 Contacts [ID-last-max-cnt] 000000000024 -20 -19 8
2017-12-19 12:54:57 1513684497371 NodeID 2 Last 128 Counter 31 DataLen 144 Contacts [ID-last-max-cnt] 000000000041 -78 -78 3 000000000021 -74 -68 7 000000000042 -78 -78 2 000000000043 -78 -78 2 000000000044 -78 -78 2 000000000045 -78 -78 2 000000000046 -78 -78 2 000000000047 -78 -78 2 000000000048 -79 -79 2 000000000049 -78 -78 2 00000000004A -80 -80 1 00000000004B -80 -80 1 00000000004C -80 -80 1 00000000004D -80 -80 1 00000000004E -80 -80 1 000000000040 -81 -81 1
2017-12-19 12:55:02 1513684502350 NodeID 4 Last 128 Counter 19 DataLen 45 Contacts [ID-last-max-cnt] 00000000008B -93 -93 1 000000000097 -94 -91 3 000000000095 -95 -95 1 000000000023 -91 -90 2 0000000000A9 -93 -93 1
2017-12-19 12:55:05 1513684505104 NodeID 135 Last 128 Counter 84 DataLen 9 Contacts [ID-last-max-cnt] 000000000024 -19 -19 9
2017-12-19 12:55:12 1513684512340 NodeID 2 Last 128 Counter 32 DataLen 9 Contacts [ID-last-max-cnt] 000000000021 -69 -67 8
2017-12-19 12:55:17 1513684517351 NodeID 4 Last 128 Counter 20 DataLen 45 Contacts [ID-last-max-cnt] 000000000097 -90 -90 4 000000000023 -91 -91 1 00000000008B -90 -90 2 0000000000A9 -92 -92 1 0000000000A2 -94 -94 1
2017-12-19 12:59:17 1513684757359 NodeID 4 Last 128 Counter 36 DataLen 54 Contacts [ID-last-max-cnt] 000000000023 -92 -92 2 000000000097 -82 -82 5 00000000008D -90 -84 4 00000000009F -91 -90 3 00000000008B -92 -91 2 000000000099 -92 -92 1
2017-12-19 12:59:27 1513684767697 NodeID 2 Last 128 Counter 49 DataLen 9 Contacts [ID-last-max-cnt] 000000000021 -70 -65 7
2017-12-19 12:59:32 1513684772459 NodeID 4 Last 128 Counter 37 DataLen 45 Contacts [ID-last-max-cnt] 00000000008D -84 -84 4 000000000097 -86 -82 6 00000000009F -91 -91 1 0000000000A2 -95 -95 1 000000000099 -91 -91 1
2017-12-19 12:59:35 1513684775099 NodeID 135 Last 128 Counter 101 DataLen 9 Contacts [ID-last-max-cnt] 000000000024 -20 -19 8
2017-12-19 12:59:42 1513684782479 NodeID 2 Last 128 Counter 50 DataLen 9 Contacts [ID-last-max-cnt] 000000000021 -75 -65 7
2017-12-19 12:59:47 1513684787355 NodeID 4 Last 128 Counter 38 DataLen 54 Contacts [ID-last-max-cnt] 00000000009F -90 -90 3 0000000000A5 -94 -94 2 000000000097 -88 -82 4 00000000008B -93 -93 1 000000000099 -92 -92 2 00000000008D -85 -85 1
2017-12-19 12:59:49 1513684789734 NodeID 135 Last 128 Counter 102 DataLen 63 Contacts [ID-last-max-cnt] 000000000024 -19 -19 8 000000000048 -88 -88 1 000000000040 -93 -93 1 000000000042 -95 -95 1 000000000045 -93 -93 1 000000000046 -94 -94 1 00000000004C -93 -93 1
2017-12-19 12:59:57 1513684797351 NodeID 2 Last 128 Counter 51 DataLen 9 Contacts [ID-last-max-cnt] 000000000021 -77 -65 7
2017-12-19 13:00:02 1513684802351 NodeID 4 Last 128 Counter 39 DataLen 54 Contacts [ID-last-max-cnt] 000000000097 -82 -82 6 00000000008D -85 -85 4 00000000009F -91 -90 3 000000000023 -94 -92 2 000000000099 -92 -92 1 0000000000A5 -94 -94 1
2017-12-19 13:00:12 1513684812351 NodeID 2 Last 128 Counter 52 DataLen 9 Contacts [ID-last-max-cnt] 000000000021 -65 -65 7
2017-12-19 13:00:27 1513684827236 NodeID 2 Last 128 Counter 53 DataLen 9 Contacts [ID-last-max-cnt] 000000000021 -69 -65 6
2017-12-19 13:00:32 1513684832257 NodeID 4 Last 128 Counter 41 DataLen 36 Contacts [ID-last-max-cnt] 00000000008D -86 -85 5 000000000097 -87 -82 5 00000000009F -91 -90 2 00000000008B -90 -90 1
2017-12-19 13:00:42 1513684842246 NodeID 2 Last 128 Counter 54 DataLen 9 Contacts [ID-last-max-cnt] 000000000021 -70 -65 6
2017-12-19 13:00:57 1513684857249 NodeID 2 Last 128 Counter 55 DataLen 9 Contacts [ID-last-max-cnt] 000000000021 -77 -66 6
2017-12-19 13:01:12 1513684872251 NodeID 2 Last 128 Counter 56 DataLen 9 Contacts [ID-last-max-cnt] 000000000021 -65 -65 7
2017-12-19 13:01:27 1513684887237 NodeID 2 Last 128 Counter 57 DataLen 9 Contacts [ID-last-max-cnt] 000000000021 -70 -65 7
2017-12-19 13:01:42 1513684902496 NodeID 2 Last 128 Counter 58 DataLen 9 Contacts [ID-last-max-cnt] 000000000021 -75 -65 7
2017-12-19 13:01:57 1513684917237 NodeID 2 Last 128 Counter 59 DataLen 9 Contacts [ID-last-max-cnt] 000000000021 -66 -65 7
2017-12-19 13:02:12 1513684932244 NodeID 2 Last 128 Counter 60 DataLen 9 Contacts [ID-last-max-cnt] 000000000021 -70 -65 7
2017-12-19 13:02:42 1513684962256 NodeID 2 Last 128 Counter 61 DataLen 9 Contacts [ID-last-max-cnt] 000000000021 -71 -65 7
2017-12-19 13:02:57 1513684977258 NodeID 2 Last 128 Counter 62 DataLen 9 Contacts [ID-last-max-cnt] 000000000021 -64 -64 7
2017-12-19 13:03:12 1513684992244 NodeID 2 Last 128 Counter 63 DataLen 9 Contacts [ID-last-max-cnt] 000000000021 -71 -64 7
2017-12-19 13:03:27 1513685007246 NodeID 2 Last 128 Counter 64 DataLen 9 Contacts [ID-last-max-cnt] 000000000021 -68 -64 9
2017-12-19 13:03:32 1513685012245 NodeID 4 Last 128 Counter 42 DataLen 45 Contacts [ID-last-max-cnt] 00000000009F -92 -91 4 000000000099 -93 -92 3 000000000097 -82 -82 7 00000000009A -93 -93 1 00000000008D -85 -85 2
2017-12-19 13:03:42 1513685022393 NodeID 2 Last 128 Counter 65 DataLen 9 Contacts [ID-last-max-cnt] 000000000021 -65 -65 7
2017-12-19 13:03:47 1513685027376 NodeID 4 Last 128 Counter 43 DataLen 54 Contacts [ID-last-max-cnt] 00000000008D -85 -85 5 000000000097 -82 -82 5 000000000099 -93 -92 4 00000000008B -91 -91 1 000000000023 -91 -91 1 00000000009F -92 -92 1
2017-12-19 13:03:57 1513685037249 NodeID 2 Last 128 Counter 66 DataLen 9 Contacts [ID-last-max-cnt] 000000000021 -65 -65 5
2017-12-19 13:04:02 1513685042248 NodeID 4 Last 128 Counter 44 DataLen 36 Contacts [ID-last-max-cnt] 00000000008B -92 -92 1 000000000097 -89 -82 6 00000000008D -92 -86 2 00000000009F -92 -92 2
2017-12-19 13:04:12 1513685052251 NodeID 2 Last 128 Counter 67 DataLen 9 Contacts [ID-last-max-cnt] 000000000021 -70 -65 7
2017-12-19 13:04:17 1513685057246 NodeID 4 Last 128 Counter 45 DataLen 45 Contacts [ID-last-max-cnt] 00000000009F -90 -90 3 000000000097 -88 -82 5 00000000008D -85 -85 2 000000000099 -94 -94 1 000000000023 -91 -91 1
2017-12-19 13:04:27 1513685067253 NodeID 2 Last 128 Counter 68 DataLen 9 Contacts [ID-last-max-cnt] 000000000021 -77 -65 9
2017-12-19 13:04:32 1513685072887 NodeID 4 Last 128 Counter 46 DataLen 54 Contacts [ID-last-max-cnt] 0000000000A5 -90 -90 3 000000000097 -83 -82 4 000000000099 -93 -92 2 00000000008D -87 -85 3 00000000009F -91 -91 1 000000000023 -90 -90 1
2017-12-19 13:04:42 1513685082509 NodeID 2 Last 128 Counter 69 DataLen 9 Contacts [ID-last-max-cnt] 000000000021 -67 -65 8
2017-12-19 13:04:47 1513685087364 NodeID 4 Last 128 Counter 47 DataLen 36 Contacts [ID-last-max-cnt] 00000000008D -91 -85 5 000000000023 -91 -91 4 00000000009F -92 -91 2 000000000097 -87 -82 5
2017-12-19 13:04:57 1513685097255 NodeID 2 Last 128 Counter 70 DataLen 9 Contacts [ID-last-max-cnt] 000000000021 -68 -66 8
2017-12-19 13:05:02 1513685102388 NodeID 4 Last 128 Counter 48 DataLen 63 Contacts [ID-last-max-cnt] 00000000008D -86 -85 3 000000000097 -87 -82 4 00000000009F -92 -91 2 0000000000A5 -93 -92 2 000000000099 -92 -92 4 000000000023 -91 -90 2 00000000008B -92 -92 1
2017-12-19 13:05:12 1513685112251 NodeID 2 Last 128 Counter 71 DataLen 9 Contacts [ID-last-max-cnt] 000000000021 -76 -65 8
2017-12-19 13:05:17 1513685117887 NodeID 4 Last 128 Counter 49 DataLen 63 Contacts [ID-last-max-cnt] 000000000097 -87 -82 5 00000000009F -91 -91 2 000000000099 -93 -92 2 000000000023 -92 -91 2 00000000008D -87 -86 2 0000000000A5 -93 -93 1 00000000008B -91 -91 1
2017-12-19 13:05:27 1513685127254 NodeID 2 Last 128 Counter 72 DataLen 9 Contacts [ID-last-max-cnt] 000000000021 -69 -65 8
2017-12-19 13:05:32 1513685132389 NodeID 4 Last 128 Counter 50 DataLen 63 Contacts [ID-last-max-cnt] 00000000009F -92 -91 3 0000000000A5 -93 -93 2 00000000008B -91 -91 1 000000000023 -91 -90 3 000000000099 -91 -91 1 00000000008D -91 -86 2 000000000097 -82 -82 3
2017-12-19 13:05:42 1513685142252 NodeID 2 Last 128 Counter 73 DataLen 9 Contacts [ID-last-max-cnt] 000000000021 -67 -64 7
2017-12-19 13:05:47 1513685147375 NodeID 4 Last 128 Counter 51 DataLen 45 Contacts [ID-last-max-cnt] 000000000097 -87 -82 6 000000000023 -90 -90 2 00000000008D -90 -85 2 00000000009F -91 -91 2 000000000099 -92 -92 2
