2017-12-15 16:27:40 1513351660232 NodeID 2 Last 128 Counter 64 DataLen 36 Contacts [ID-last-max-cnt] 000000000001 -89 -83 7 000000000021 -72 -72 12 000000000020 -31 -29 15 000000000022 -83 -83 3
2017-12-15 16:27:45 1513351665228 NodeID 4 Last 128 Counter 97 DataLen 36 Contacts [ID-last-max-cnt] 000000000020 -78 -68 11 000000000001 -91 -90 3 000000000021 -22 -19 16 000000000022 -89 -75 7
2017-12-15 16:27:50 1513351670224 NodeID 2 Last 128 Counter 65 DataLen 36 Contacts [ID-last-max-cnt] 000000000020 -29 -29 17 000000000001 -84 -83 6 000000000021 -77 -72 13 000000000022 -84 -83 5
2017-12-15 16:28:14 1513351694228 NodeID 132 Last 128 Counter 17 DataLen 36 Contacts [ID-last-max-cnt] 000000000021 -80 -74 16 000000000023 -82 -79 16 000000000022 -21 -21 15 000000000020 -91 -91 1
2017-12-15 16:28:20 1513351700232 NodeID 135 Last 128 Counter 69 DataLen 18 Contacts [ID-last-max-cnt] 000000000023 -19 -19 17 000000000022 -72 -71 14
2017-12-15 16:28:20 1513351700232 NodeID 135 Last 128 Counter 69 DataLen 18 Contacts [ID-last-max-cnt] 000000000023 -19 -19 17 000000000022 -72 -71 14
2017-12-15 16:28:24 1513351704235 NodeID 132 Last 128 Counter 18 DataLen 36 Contacts [ID-last-max-cnt] 000000000022 -21 -21 16 000000000021 -74 -74 15 000000000023 -79 -79 13 000000000020 -93 -93 1
2017-12-15 16:28:27 1513351707230 NodeID 4 Last 128 Counter 98 DataLen 36 Contacts [ID-last-max-cnt] 000000000021 -19 -19 15 000000000020 -68 -68 14 000000000022 -74 -74 12 000000000001 -90 -87 5
2017-12-15 16:28:28 1513351708222 NodeID 2 Last 128 Counter 66 DataLen 36 Contacts [ID-last-max-cnt] 000000000020 -29 -29 16 000000000001 -92 -84 6 000000000021 -72 -72 12 000000000022 -82 -82 4
2017-12-15 16:28:48 1513351728222 NodeID 135 Last 128 Counter 70 DataLen 18 Contacts [ID-last-max-cnt] 000000000023 -19 -19 16 000000000022 -87 -71 11
2017-12-15 16:28:54 1513351734227 NodeID 132 Last 128 Counter 19 DataLen 36 Contacts [ID-last-max-cnt] 000000000023 -83 -79 13 000000000022 -22 -21 16 000000000021 -78 -74 15 000000000020 -89 -89 2
2017-12-15 16:28:54 1513351734276 NodeID 135 Last 128 Counter 71 DataLen 18 Contacts [ID-last-max-cnt] 000000000023 -19 -19 16 000000000022 -72 -72 13
2017-12-15 16:28:55 1513351735236 NodeID 2 Last 128 Counter 67 DataLen 36 Contacts [ID-last-max-cnt] 000000000021 -70 -70 15 000000000020 -29 -29 15 000000000022 -84 -83 6 000000000001 -83 -83 6
2017-12-15 16:29:03 1513351743226 NodeID 132 Last 128 Counter 20 DataLen 27 Contacts [ID-last-max-cnt] 000000000022 -21 -21 16 000000000021 -74 -74 14 000000000023 -79 -79 13
2017-12-15 16:29:11 1513351751232 NodeID 135 Last 128 Counter 72 DataLen 18 Contacts [ID-last-max-cnt] 000000000023 -19 -19 17 000000000022 -84 -71 11
2017-12-15 16:29:14 1513351754226 NodeID 4 Last 128 Counter 99 DataLen 36 Contacts [ID-last-max-cnt] 000000000021 -19 -19 15 000000000022 -75 -75 8 000000000001 -89 -89 3 000000000020 -68 -68 8
2017-12-15 16:29:19 1513351759927 NodeID 2 Last 128 Counter 68 DataLen 36 Contacts [ID-last-max-cnt] 000000000020 -29 -29 16 000000000021 -70 -70 14 000000000001 -92 -84 5 000000000022 -92 -83 5
2017-12-15 16:29:42 1513351782233 NodeID 4 Last 128 Counter 100 DataLen 36 Contacts [ID-last-max-cnt] 000000000021 -21 -19 17 000000000001 -91 -91 1 000000000020 -80 -68 11 000000000022 -89 -75 12
2017-12-15 16:29:56 1513351796228 NodeID 132 Last 128 Counter 21 DataLen 36 Contacts [ID-last-max-cnt] 000000000023 -82 -79 13 000000000020 -92 -92 2 000000000021 -76 -74 14 000000000022 -21 -21 16
2017-12-15 16:29:57 1513351797220 NodeID 135 Last 128 Counter 73 DataLen 18 Contacts [ID-last-max-cnt] 000000000022 -72 -72 9 000000000023 -19 -19 15
2017-12-15 16:30:06 1513351806235 NodeID 2 Last 128 Counter 69 DataLen 36 Contacts [ID-last-max-cnt] 000000000001 -83 -83 9 000000000020 -28 -28 14 000000000022 -83 -82 5 000000000021 -85 -69 12
2017-12-15 16:30:07 1513351807228 NodeID 132 Last 128 Counter 22 DataLen 27 Contacts [ID-last-max-cnt] 000000000021 -81 -74 16 000000000023 -82 -79 15 000000000022 -24 -21 16
2017-12-15 16:30:12 1513351812224 NodeID 4 Last 128 Counter 101 DataLen 27 Contacts [ID-last-max-cnt] 000000000021 -20 -19 16 000000000022 -75 -75 10 000000000020 -68 -68 11
2017-12-15 16:30:24 1513351824233 NodeID 2 Last 128 Counter 70 DataLen 36 Contacts [ID-last-max-cnt] 000000000020 -28 -28 17 000000000021 -69 -69 14 000000000022 -83 -83 4 000000000001 -91 -82 9
2017-12-15 16:30:33 1513351833232 NodeID 135 Last 128 Counter 74 DataLen 18 Contacts [ID-last-max-cnt] 000000000023 -19 -19 17 000000000022 -89 -72 12
2017-12-15 16:30:46 1513351846235 NodeID 135 Last 128 Counter 74 DataLen 18 Contacts [ID-last-max-cnt] 000000000023 -19 -19 17 000000000022 -89 -72 12
2017-12-15 16:30:49 1513351849229 NodeID 132 Last 128 Counter 23 DataLen 27 Contacts [ID-last-max-cnt] 000000000023 -82 -79 16 000000000022 -28 -21 16 000000000021 -76 -74 15
2017-12-15 16:31:01 1513351861223 NodeID 135 Last 128 Counter 75 DataLen 18 Contacts [ID-last-max-cnt] 000000000023 -20 -19 16 000000000022 -84 -72 14
2017-12-15 16:31:01 1513351861240 NodeID 4 Last 128 Counter 102 DataLen 36 Contacts [ID-last-max-cnt] 000000000020 -80 -68 9 000000000021 -21 -19 15 000000000022 -75 -75 5 000000000001 -90 -90 1
2017-12-15 16:31:24 1513351884233 NodeID 4 Last 128 Counter 102 DataLen 36 Contacts [ID-last-max-cnt] 000000000020 -80 -68 9 000000000021 -21 -19 15 000000000022 -75 -75 5 000000000001 -90 -90 1
2017-12-15 16:31:25 1513351885225 NodeID 4 Last 128 Counter 103 DataLen 27 Contacts [ID-last-max-cnt] 000000000021 -19 -19 17 000000000022 -89 -73 9 000000000020 -68 -67 9
2017-12-15 16:31:25 1513351885242 NodeID 135 Last 128 Counter 76 DataLen 18 Contacts [ID-last-max-cnt] 000000000023 -19 -19 17 000000000022 -90 -72 11
2017-12-15 16:31:26 1513351886247 NodeID 2 Last 128 Counter 71 DataLen 36 Contacts [ID-last-max-cnt] 000000000020 -31 -28 16 000000000022 -83 -83 5 000000000001 -84 -83 7 000000000021 -74 -68 15
2017-12-15 16:31:26 1513351886248 NodeID 2 Last 128 Counter 72 DataLen 36 Contacts [ID-last-max-cnt] 000000000020 -28 -28 16 000000000021 -71 -69 14 000000000022 -91 -83 7 000000000001 -91 -84 6
2017-12-15 16:31:30 1513351890218 NodeID 132 Last 128 Counter 25 DataLen 27 Contacts [ID-last-max-cnt] 000000000022 -21 -21 16 000000000021 -74 -74 12 000000000023 -82 -79 11
2017-12-15 16:31:45 1513351905222 NodeID 4 Last 128 Counter 104 DataLen 36 Contacts [ID-last-max-cnt] 000000000022 -75 -74 14 000000000021 -19 -19 16 000000000020 -80 -67 13 000000000001 -92 -89 2
2017-12-15 16:31:49 1513351909930 NodeID 2 Last 128 Counter 73 DataLen 36 Contacts [ID-last-max-cnt] 000000000020 -31 -28 16 000000000001 -84 -83 10 000000000022 -93 -83 12 000000000021 -73 -70 15
2017-12-15 16:31:53 1513351913228 NodeID 135 Last 128 Counter 77 DataLen 18 Contacts [ID-last-max-cnt] 000000000023 -20 -19 17 000000000022 -84 -71 11
2017-12-15 16:32:00 1513351920226 NodeID 132 Last 128 Counter 26 DataLen 36 Contacts [ID-last-max-cnt] 000000000022 -24 -21 16 000000000021 -80 -72 15 000000000023 -82 -79 14 000000000020 -91 -91 2
2017-12-15 16:32:11 1513351931227 NodeID 135 Last 128 Counter 78 DataLen 18 Contacts [ID-last-max-cnt] 000000000022 -90 -72 11 000000000023 -19 -19 16
2017-12-15 16:32:13 1513351933228 NodeID 4 Last 128 Counter 105 DataLen 36 Contacts [ID-last-max-cnt] 000000000020 -78 -67 11 000000000021 -19 -19 15 000000000022 -88 -75 9 000000000001 -91 -91 1
2017-12-15 16:32:20 1513351940226 NodeID 2 Last 128 Counter 74 DataLen 36 Contacts [ID-last-max-cnt] 000000000021 -72 -71 15 000000000020 -28 -28 16 000000000022 -91 -83 7 000000000001 -86 -84 7
2017-12-15 16:32:30 1513351950218 NodeID 132 Last 128 Counter 27 DataLen 36 Contacts [ID-last-max-cnt] 000000000022 -21 -21 17 000000000021 -74 -74 17 000000000023 -79 -79 16 000000000020 -91 -91 1
2017-12-15 16:32:41 1513351961218 NodeID 135 Last 128 Counter 79 DataLen 18 Contacts [ID-last-max-cnt] 000000000023 -20 -19 16 000000000022 -83 -72 12
2017-12-15 16:33:26 1513352006838 NodeID 4 Last 128 Counter 106 DataLen 36 Contacts [ID-last-max-cnt] 000000000022 -75 -75 11 000000000021 -19 -19 15 000000000001 -92 -92 2 000000000020 -80 -67 11
2017-12-15 16:33:31 1513352011226 NodeID 2 Last 128 Counter 75 DataLen 36 Contacts [ID-last-max-cnt] 000000000021 -72 -70 14 000000000020 -31 -28 16 000000000022 -83 -83 9 000000000001 -85 -85 4
2017-12-15 16:33:56 1513352036237 NodeID 2 Last 128 Counter 75 DataLen 36 Contacts [ID-last-max-cnt] 000000000021 -72 -70 14 000000000020 -31 -28 16 000000000022 -83 -83 9 000000000001 -85 -85 4
2017-12-15 16:34:02 1513352042226 NodeID 132 Last 128 Counter 28 DataLen 36 Contacts [ID-last-max-cnt] 000000000023 -82 -79 16 000000000022 -22 -21 16 000000000021 -75 -74 17 000000000020 -92 -92 1
2017-12-15 16:34:24 1513352064243 NodeID 132 Last 128 Counter 28 DataLen 36 Contacts [ID-last-max-cnt] 000000000023 -82 -79 16 000000000022 -22 -21 16 000000000021 -75 -74 17 000000000020 -92 -92 1
2017-12-15 16:34:24 1513352064260 NodeID 135 Last 128 Counter 80 DataLen 18 Contacts [ID-last-max-cnt] 000000000023 -19 -19 16 000000000022 -72 -72 8
2017-12-15 16:34:51 1513352091257 NodeID 2 Last 128 Counter 76 DataLen 36 Contacts [ID-last-max-cnt] 000000000021 -75 -70 12 000000000020 -28 -28 16 000000000001 -92 -84 6 000000000022 -83 -83 5
2017-12-15 16:35:03 1513352103218 NodeID 132 Last 128 Counter 29 DataLen 36 Contacts [ID-last-max-cnt] 000000000023 -79 -79 15 000000000022 -21 -21 15 000000000021 -75 -74 15 000000000020 -92 -92 1
2017-12-15 16:35:03 1513352103235 NodeID 135 Last 128 Counter 81 DataLen 18 Contacts [ID-last-max-cnt] 000000000023 -20 -19 16 000000000022 -91 -72 15
2017-12-15 16:35:09 1513352109223 NodeID 132 Last 128 Counter 30 DataLen 27 Contacts [ID-last-max-cnt] 000000000023 -83 -79 17 000000000022 -21 -21 17 000000000021 -75 -74 16
2017-12-15 16:35:12 1513352112217 NodeID 132 Last 128 Counter 31 DataLen 36 Contacts [ID-last-max-cnt] 000000000023 -79 -79 14 000000000022 -21 -21 15 000000000021 -74 -74 14 000000000020 -92 -92 1
2017-12-15 16:35:14 1513352114219 NodeID 135 Last 128 Counter 83 DataLen 18 Contacts [ID-last-max-cnt] 000000000023 -19 -19 17 000000000022 -84 -72 11
2017-12-15 16:35:29 1513352129222 NodeID 4 Last 128 Counter 111 DataLen 27 Contacts [ID-last-max-cnt] 000000000020 -78 -67 7 000000000022 -74 -74 5 000000000021 -22 -19 14
2017-12-15 16:35:32 1513352132265 NodeID 132 Last 128 Counter 32 DataLen 36 Contacts [ID-last-max-cnt] 000000000022 -22 -21 17 000000000023 -83 -79 16 000000000021 -75 -74 16 000000000020 -91 -91 1
2017-12-15 16:35:37 1513352137229 NodeID 132 Last 128 Counter 33 DataLen 36 Contacts [ID-last-max-cnt] 000000000023 -79 -79 14 000000000022 -24 -21 16 000000000021 -80 -74 15 000000000020 -91 -91 1
2017-12-15 16:35:43 1513352143233 NodeID 2 Last 128 Counter 80 DataLen 36 Contacts [ID-last-max-cnt] 000000000020 -29 -28 14 000000000022 -84 -83 5 000000000021 -88 -71 14 000000000001 -84 -84 7
2017-12-15 16:35:46 1513352146228 NodeID 2 Last 128 Counter 80 DataLen 36 Contacts [ID-last-max-cnt] 000000000020 -29 -28 14 000000000022 -84 -83 5 000000000021 -88 -71 14 000000000001 -84 -84 7
2017-12-15 16:36:00 1513352160239 NodeID 4 Last 128 Counter 112 DataLen 36 Contacts [ID-last-max-cnt] 000000000021 -22 -19 16 000000000020 -80 -67 8 000000000022 -76 -75 5 000000000001 -89 -89 1
2017-12-15 16:36:24 1513352184226 NodeID 4 Last 128 Counter 113 DataLen 36 Contacts [ID-last-max-cnt] 000000000021 -21 -19 17 000000000020 -81 -67 5 000000000022 -91 -75 6 000000000001 -90 -90 2
2017-12-15 16:37:12 1513352232216 NodeID 4 Last 128 Counter 114 DataLen 36 Contacts [ID-last-max-cnt] 000000000001 -89 -88 5 000000000021 -20 -19 16 000000000020 -81 -67 7 000000000022 -75 -75 6
2017-12-15 16:37:31 1513352251225 NodeID 135 Last 128 Counter 86 DataLen 18 Contacts [ID-last-max-cnt] 000000000023 -19 -19 16 000000000022 -85 -72 8
2017-12-15 16:38:32 1513352312215 NodeID 132 Last 128 Counter 35 DataLen 27 Contacts [ID-last-max-cnt] 000000000023 -82 -79 18 000000000022 -24 -21 17 000000000021 -80 -74 17
2017-12-15 16:38:38 1513352318220 NodeID 135 Last 128 Counter 87 DataLen 18 Contacts [ID-last-max-cnt] 000000000023 -19 -19 16 000000000022 -90 -72 12
2017-12-15 16:38:55 1513352335241 NodeID 4 Last 128 Counter 115 DataLen 36 Contacts [ID-last-max-cnt] 000000000022 -91 -75 11 000000000021 -21 -19 16 000000000020 -67 -67 14 000000000001 -91 -89 3
2017-12-15 16:39:03 1513352343215 NodeID 135 Last 128 Counter 88 DataLen 18 Contacts [ID-last-max-cnt] 000000000023 -22 -19 17 000000000022 -72 -71 12
2017-12-15 16:39:28 1513352368227 NodeID 135 Last 128 Counter 88 DataLen 18 Contacts [ID-last-max-cnt] 000000000023 -22 -19 17 000000000022 -72 -71 12
2017-12-15 16:39:29 1513352369219 NodeID 132 Last 128 Counter 37 DataLen 36 Contacts [ID-last-max-cnt] 000000000023 -79 -79 12 000000000022 -24 -21 17 000000000021 -80 -74 12 000000000020 -92 -92 2
2017-12-15 16:39:33 1513352373223 NodeID 2 Last 128 Counter 81 DataLen 36 Contacts [ID-last-max-cnt] 000000000020 -29 -28 15 000000000001 -86 -86 7 000000000021 -73 -72 14 000000000022 -83 -83 5
2017-12-15 16:39:37 1513352377226 NodeID 135 Last 128 Counter 90 DataLen 18 Contacts [ID-last-max-cnt] 000000000023 -19 -19 16 000000000022 -85 -71 15
2017-12-15 16:39:39 1513352379228 NodeID 2 Last 128 Counter 83 DataLen 36 Contacts [ID-last-max-cnt] 000000000020 -28 -28 17 000000000021 -75 -72 13 000000000001 -89 -85 10 000000000022 -83 -83 5
2017-12-15 16:39:46 1513352386225 NodeID 132 Last 128 Counter 40 DataLen 27 Contacts [ID-last-max-cnt] 000000000022 -21 -21 16 000000000021 -74 -74 15 000000000023 -79 -79 15
2017-12-15 16:39:48 1513352388226 NodeID 135 Last 128 Counter 92 DataLen 18 Contacts [ID-last-max-cnt] 000000000022 -84 -72 11 000000000023 -19 -19 16
2017-12-15 16:39:51 1513352391253 NodeID 4 Last 128 Counter 119 DataLen 27 Contacts [ID-last-max-cnt] 000000000020 -68 -68 7 000000000021 -19 -19 16 000000000022 -89 -74 7
2017-12-15 16:40:10 1513352410228 NodeID 4 Last 128 Counter 119 DataLen 27 Contacts [ID-last-max-cnt] 000000000020 -68 -68 7 000000000021 -19 -19 16 000000000022 -89 -74 7
2017-12-15 16:40:19 1513352419227 NodeID 4 Last 128 Counter 120 DataLen 36 Contacts [ID-last-max-cnt] 000000000022 -76 -75 10 000000000021 -22 -19 16 000000000001 -89 -89 2 000000000020 -79 -68 9
2017-12-15 16:40:25 1513352425232 NodeID 2 Last 128 Counter 85 DataLen 36 Contacts [ID-last-max-cnt] 000000000020 -30 -28 16 000000000022 -83 -83 8 000000000001 -85 -85 8 000000000021 -82 -72 14
2017-12-15 16:40:35 1513352435223 NodeID 4 Last 128 Counter 121 DataLen 36 Contacts [ID-last-max-cnt] 000000000021 -19 -19 16 000000000022 -75 -75 9 000000000020 -71 -68 8 000000000001 -89 -89 1
2017-12-15 16:40:42 1513352442237 NodeID 132 Last 128 Counter 41 DataLen 36 Contacts [ID-last-max-cnt] 000000000021 -76 -74 17 000000000023 -82 -79 16 000000000022 -22 -21 16 000000000020 -93 -93 2
2017-12-15 16:41:36 1513352496215 NodeID 2 Last 128 Counter 86 DataLen 36 Contacts [ID-last-max-cnt] 000000000020 -33 -29 14 000000000021 -73 -73 11 000000000022 -83 -83 3 000000000001 -89 -83 5
2017-12-15 16:41:37 1513352497224 NodeID 2 Last 128 Counter 87 DataLen 36 Contacts [ID-last-max-cnt] 000000000020 -29 -29 16 000000000022 -83 -83 8 000000000001 -85 -84 9 000000000021 -80 -73 15
2017-12-15 16:41:40 1513352500219 NodeID 135 Last 128 Counter 93 DataLen 18 Contacts [ID-last-max-cnt] 000000000023 -19 -19 16 000000000022 -72 -72 15
2017-12-15 16:41:41 1513352501240 NodeID 132 Last 128 Counter 42 DataLen 36 Contacts [ID-last-max-cnt] 000000000023 -79 -79 16 000000000022 -21 -21 16 000000000021 -74 -74 16 000000000020 -93 -93 1
2017-12-15 16:41:41 1513352501240 NodeID 135 Last 128 Counter 94 DataLen 18 Contacts [ID-last-max-cnt] 000000000023 -19 -19 16 000000000022 -89 -71 10
2017-12-15 16:41:49 1513352509246 NodeID 132 Last 128 Counter 43 DataLen 36 Contacts [ID-last-max-cnt] 000000000023 -83 -79 17 000000000022 -22 -21 16 000000000021 -75 -74 16 000000000020 -92 -92 1
2017-12-15 16:41:57 1513352517220 NodeID 4 Last 128 Counter 122 DataLen 36 Contacts [ID-last-max-cnt] 000000000021 -22 -19 16 000000000020 -68 -67 9 000000000022 -76 -75 8 000000000001 -89 -88 3
2017-12-15 16:42:08 1513352528221 NodeID 2 Last 128 Counter 88 DataLen 36 Contacts [ID-last-max-cnt] 000000000020 -29 -29 17 000000000001 -89 -85 10 000000000021 -75 -72 12 000000000022 -84 -84 3
2017-12-15 16:42:11 1513352531215 NodeID 4 Last 128 Counter 123 DataLen 36 Contacts [ID-last-max-cnt] 000000000020 -80 -67 12 000000000001 -91 -89 4 000000000021 -21 -19 16 000000000022 -88 -75 10
2017-12-15 16:42:12 1513352532224 NodeID 4 Last 128 Counter 124 DataLen 36 Contacts [ID-last-max-cnt] 000000000020 -82 -67 7 000000000021 -22 -19 17 000000000001 -89 -89 1 000000000022 -88 -75 4
2017-12-15 16:42:28 1513352548220 NodeID 2 Last 128 Counter 89 DataLen 36 Contacts [ID-last-max-cnt] 000000000020 -31 -29 15 000000000001 -86 -83 11 000000000022 -93 -83 4 000000000021 -72 -72 14
2017-12-15 16:42:35 1513352555218 NodeID 2 Last 128 Counter 90 DataLen 36 Contacts [ID-last-max-cnt] 000000000020 -29 -29 15 000000000022 -83 -83 5 000000000021 -73 -72 14 000000000001 -87 -83 10
2017-12-15 16:42:55 1513352575217 NodeID 132 Last 128 Counter 45 DataLen 27 Contacts [ID-last-max-cnt] 000000000022 -22 -21 15 000000000021 -76 -74 14 000000000023 -83 -79 12
2017-12-15 16:43:12 1513352592224 NodeID 4 Last 128 Counter 125 DataLen 36 Contacts [ID-last-max-cnt] 000000000021 -19 -19 15 000000000020 -80 -68 9 000000000022 -76 -75 7 000000000001 -93 -90 3
2017-12-15 16:43:13 1513352593218 NodeID 132 Last 128 Counter 46 DataLen 27 Contacts [ID-last-max-cnt] 000000000022 -24 -21 17 000000000021 -80 -74 16 000000000023 -82 -79 15
2017-12-15 16:43:13 1513352593264 NodeID 132 Last 128 Counter 47 DataLen 27 Contacts [ID-last-max-cnt] 000000000023 -83 -79 16 000000000022 -21 -21 16 000000000021 -75 -74 16
2017-12-15 16:43:13 1513352593295 NodeID 135 Last 128 Counter 95 DataLen 27 Contacts [ID-last-max-cnt] 000000000022 -85 -72 14 000000000023 -20 -19 16 000000000021 -97 -97 1
2017-12-15 16:43:13 1513352593297 NodeID 2 Last 128 Counter 91 DataLen 36 Contacts [ID-last-max-cnt] 000000000021 -76 -72 15 000000000001 -84 -84 11 000000000020 -32 -29 15 000000000022 -83 -83 5
2017-12-15 16:43:43 1513352623220 NodeID 132 Last 128 Counter 48 DataLen 36 Contacts [ID-last-max-cnt] 000000000023 -82 -79 15 000000000022 -24 -21 16 000000000021 -81 -74 14 000000000020 -91 -91 1
2017-12-15 16:43:44 1513352624213 NodeID 4 Last 128 Counter 126 DataLen 27 Contacts [ID-last-max-cnt] 000000000020 -68 -65 10 000000000022 -75 -75 8 000000000021 -22 -19 15
2017-12-15 16:43:48 1513352628237 NodeID 2 Last 128 Counter 92 DataLen 36 Contacts [ID-last-max-cnt] 000000000021 -72 -72 15 000000000020 -29 -29 16 000000000022 -83 -82 5 000000000001 -85 -84 7
2017-12-15 16:43:48 1513352628241 NodeID 135 Last 128 Counter 96 DataLen 18 Contacts [ID-last-max-cnt] 000000000023 -19 -19 16 000000000022 -91 -72 13
2017-12-15 16:43:48 1513352628241 NodeID 132 Last 128 Counter 49 DataLen 36 Contacts [ID-last-max-cnt] 000000000023 -80 -79 17 000000000022 -21 -21 17 000000000021 -74 -74 17 000000000020 -93 -93 1
2017-12-15 16:43:52 1513352632234 NodeID 135 Last 128 Counter 97 DataLen 18 Contacts [ID-last-max-cnt] 000000000023 -20 -19 16 000000000022 -85 -72 12
2017-12-15 16:43:52 1513352632235 NodeID 4 Last 128 Counter 127 DataLen 36 Contacts [ID-last-max-cnt] 000000000021 -19 -19 14 000000000020 -68 -67 15 000000000022 -76 -75 12 000000000001 -91 -91 2
2017-12-15 16:43:57 1513352637230 NodeID 2 Last 128 Counter 93 DataLen 36 Contacts [ID-last-max-cnt] 000000000020 -34 -29 16 000000000021 -73 -72 14 000000000001 -88 -85 10 000000000022 -83 -83 4
2017-12-15 16:44:13 1513352653211 NodeID 135 Last 128 Counter 98 DataLen 18 Contacts [ID-last-max-cnt] 000000000023 -19 -19 17 000000000022 -72 -72 13
2017-12-15 16:44:35 1513352675212 NodeID 4 Last 128 Counter 1 DataLen 36 Contacts [ID-last-max-cnt] 000000000021 -20 -19 15 000000000020 -81 -67 11 000000000022 -89 -75 9 000000000001 -90 -90 3
2017-12-15 16:44:37 1513352677213 NodeID 2 Last 128 Counter 94 DataLen 36 Contacts [ID-last-max-cnt] 000000000021 -78 -72 17 000000000020 -29 -29 14 000000000001 -87 -86 9 000000000022 -83 -83 5
2017-12-15 16:44:41 1513352681216 NodeID 135 Last 128 Counter 99 DataLen 18 Contacts [ID-last-max-cnt] 000000000023 -19 -19 16 000000000022 -84 -72 9
2017-12-15 16:44:43 1513352683218 NodeID 4 Last 128 Counter 2 DataLen 27 Contacts [ID-last-max-cnt] 000000000022 -76 -76 9 000000000021 -19 -19 16 000000000020 -67 -67 12
2017-12-15 16:44:54 1513352694235 NodeID 2 Last 128 Counter 95 DataLen 36 Contacts [ID-last-max-cnt] 000000000001 -88 -86 10 000000000021 -74 -72 16 000000000020 -31 -29 15 000000000022 -84 -83 5
2017-12-15 16:45:03 1513352703218 NodeID 132 Last 128 Counter 50 DataLen 36 Contacts [ID-last-max-cnt] 000000000023 -83 -79 16 000000000022 -21 -21 16 000000000021 -75 -74 16 000000000020 -92 -92 2
2017-12-15 16:45:14 1513352714218 NodeID 132 Last 128 Counter 50 DataLen 36 Contacts [ID-last-max-cnt] 000000000023 -83 -79 16 000000000022 -21 -21 16 000000000021 -75 -74 16 000000000020 -92 -92 2
2017-12-15 16:45:15 1513352715227 NodeID 135 Last 128 Counter 100 DataLen 18 Contacts [ID-last-max-cnt] 000000000023 -19 -19 16 000000000022 -72 -72 14
2017-12-15 16:45:16 1513352716236 NodeID 4 Last 128 Counter 3 DataLen 27 Contacts [ID-last-max-cnt] 000000000021 -21 -19 16 000000000020 -67 -67 7 000000000022 -88 -75 8
2017-12-15 16:45:20 1513352720223 NodeID 2 Last 128 Counter 96 DataLen 36 Contacts [ID-last-max-cnt] 000000000020 -29 -29 15 000000000001 -86 -86 7 000000000022 -83 -83 5 000000000021 -78 -72 14
2017-12-15 16:45:31 1513352731224 NodeID 132 Last 128 Counter 51 DataLen 36 Contacts [ID-last-max-cnt] 000000000022 -21 -21 16 000000000021 -75 -74 15 000000000023 -82 -79 14 000000000020 -91 -91 1
2017-12-15 16:45:58 1513352758222 NodeID 132 Last 128 Counter 51 DataLen 36 Contacts [ID-last-max-cnt] 000000000022 -21 -21 16 000000000021 -75 -74 15 000000000023 -82 -79 14 000000000020 -91 -91 1
2017-12-15 16:46:01 1513352761215 NodeID 135 Last 128 Counter 101 DataLen 18 Contacts [ID-last-max-cnt] 000000000023 -19 -19 17 000000000022 -90 -72 13
2017-12-15 16:46:03 1513352763265 NodeID 4 Last 128 Counter 4 DataLen 36 Contacts [ID-last-max-cnt] 000000000020 -67 -67 12 000000000021 -19 -19 16 000000000022 -75 -75 11 000000000001 -93 -93 1
2017-12-15 16:46:08 1513352768213 NodeID 2 Last 128 Counter 97 DataLen 36 Contacts [ID-last-max-cnt] 000000000020 -29 -29 14 000000000021 -74 -72 14 000000000001 -88 -85 7 000000000022 -83 -83 5
2017-12-15 16:46:14 1513352774218 NodeID 132 Last 128 Counter 52 DataLen 36 Contacts [ID-last-max-cnt] 000000000022 -22 -21 18 000000000021 -75 -74 16 000000000020 -92 -92 2 000000000023 -83 -79 14
2017-12-15 16:46:28 1513352788213 NodeID 135 Last 128 Counter 102 DataLen 18 Contacts [ID-last-max-cnt] 000000000023 -19 -19 16 000000000022 -72 -72 13
2017-12-15 16:46:43 1513352803216 NodeID 4 Last 128 Counter 5 DataLen 36 Contacts [ID-last-max-cnt] 000000000020 -79 -67 13 000000000021 -22 -19 16 000000000022 -88 -75 8 000000000001 -91 -90 3
2017-12-15 16:46:44 1513352804225 NodeID 2 Last 128 Counter 98 DataLen 36 Contacts [ID-last-max-cnt] 000000000020 -30 -29 14 000000000022 -83 -83 5 000000000021 -78 -72 12 000000000001 -87 -85 8
2017-12-15 16:46:48 1513352808239 NodeID 132 Last 128 Counter 53 DataLen 36 Contacts [ID-last-max-cnt] 000000000023 -82 -79 15 000000000022 -24 -21 16 000000000021 -81 -74 16 000000000020 -91 -91 2
2017-12-15 16:46:48 1513352808240 NodeID 135 Last 128 Counter 103 DataLen 18 Contacts [ID-last-max-cnt] 000000000023 -19 -19 16 000000000022 -90 -71 12
2017-12-15 16:46:49 1513352809248 NodeID 4 Last 128 Counter 6 DataLen 36 Contacts [ID-last-max-cnt] 000000000022 -76 -75 10 000000000021 -21 -19 14 000000000020 -81 -67 11 000000000001 -90 -89 4
2017-12-15 16:47:02 1513352822218 NodeID 132 Last 128 Counter 54 DataLen 36 Contacts [ID-last-max-cnt] 000000000023 -83 -79 16 000000000022 -22 -21 16 000000000021 -75 -74 16 000000000020 -93 -93 1
2017-12-15 16:47:03 1513352823211 NodeID 2 Last 128 Counter 99 DataLen 36 Contacts [ID-last-max-cnt] 000000000020 -33 -29 16 000000000021 -74 -71 14 000000000001 -87 -85 9 000000000022 -83 -83 3
2017-12-15 16:47:11 1513352831217 NodeID 135 Last 128 Counter 104 DataLen 27 Contacts [ID-last-max-cnt] 000000000023 -20 -19 16 000000000022 -84 -72 13 000000000021 -96 -96 1
2017-12-15 16:47:18 1513352838215 NodeID 4 Last 128 Counter 7 DataLen 36 Contacts [ID-last-max-cnt] 000000000022 -89 -76 11 000000000021 -21 -19 16 000000000020 -83 -68 8 000000000001 -90 -90 2
2017-12-15 16:47:20 1513352840216 NodeID 2 Last 128 Counter 100 DataLen 36 Contacts [ID-last-max-cnt] 000000000020 -31 -29 15 000000000022 -83 -83 7 000000000021 -78 -70 15 000000000001 -88 -86 9
2017-12-15 16:47:42 1513352862219 NodeID 2 Last 128 Counter 100 DataLen 36 Contacts [ID-last-max-cnt] 000000000020 -31 -29 15 000000000022 -83 -83 7 000000000021 -78 -70 15 000000000001 -88 -86 9
2017-12-15 16:47:43 1513352863210 NodeID 135 Last 128 Counter 105 DataLen 18 Contacts [ID-last-max-cnt] 000000000023 -19 -19 16 000000000022 -85 -72 13
2017-12-15 16:47:47 1513352867229 NodeID 4 Last 128 Counter 8 DataLen 36 Contacts [ID-last-max-cnt] 000000000021 -20 -19 17 000000000022 -87 -75 9 000000000001 -90 -89 4 000000000020 -82 -68 7
2017-12-15 16:48:00 1513352880216 NodeID 2 Last 128 Counter 101 DataLen 36 Contacts [ID-last-max-cnt] 000000000020 -29 -29 16 000000000021 -74 -71 15 000000000022 -83 -83 6 000000000001 -86 -85 7
2017-12-15 16:48:01 1513352881224 NodeID 132 Last 128 Counter 56 DataLen 36 Contacts [ID-last-max-cnt] 000000000021 -75 -74 15 000000000023 -80 -79 14 000000000022 -21 -21 16 000000000020 -93 -92 3
2017-12-15 16:48:11 1513352891217 NodeID 135 Last 128 Counter 106 DataLen 18 Contacts [ID-last-max-cnt] 000000000023 -20 -19 17 000000000022 -84 -72 8
2017-12-15 16:48:13 1513352893218 NodeID 4 Last 128 Counter 9 DataLen 36 Contacts [ID-last-max-cnt] 000000000021 -21 -19 16 000000000022 -88 -75 13 000000000020 -79 -67 11 000000000001 -91 -90 4
2017-12-15 16:48:20 1513352900215 NodeID 2 Last 128 Counter 102 DataLen 36 Contacts [ID-last-max-cnt] 000000000020 -31 -29 17 000000000001 -90 -85 10 000000000021 -73 -72 15 000000000022 -83 -83 4
2017-12-15 16:48:30 1513352910223 NodeID 132 Last 128 Counter 57 DataLen 36 Contacts [ID-last-max-cnt] 000000000023 -82 -79 17 000000000022 -24 -21 16 000000000021 -81 -74 15 000000000020 -92 -92 5
2017-12-15 16:48:41 1513352921224 NodeID 135 Last 128 Counter 107 DataLen 18 Contacts [ID-last-max-cnt] 000000000022 -72 -72 13 000000000023 -19 -19 17
2017-12-15 16:48:43 1513352923226 NodeID 4 Last 128 Counter 10 DataLen 36 Contacts [ID-last-max-cnt] 000000000020 -83 -67 14 000000000021 -19 -19 17 000000000001 -90 -89 3 000000000022 -88 -76 8
2017-12-15 16:48:50 1513352930223 NodeID 2 Last 128 Counter 103 DataLen 36 Contacts [ID-last-max-cnt] 000000000020 -29 -29 14 000000000021 -78 -72 15 000000000001 -86 -86 7 000000000022 -83 -83 5
2017-12-15 16:49:00 1513352940215 NodeID 132 Last 128 Counter 58 DataLen 36 Contacts [ID-last-max-cnt] 000000000023 -80 -79 17 000000000022 -21 -21 17 000000000021 -74 -74 16 000000000020 -92 -92 2
2017-12-15 16:49:29 1513352969213 NodeID 135 Last 128 Counter 108 DataLen 18 Contacts [ID-last-max-cnt] 000000000023 -20 -19 17 000000000022 -85 -71 14
2017-12-15 16:49:29 1513352969235 NodeID 4 Last 128 Counter 11 DataLen 36 Contacts [ID-last-max-cnt] 000000000022 -75 -75 11 000000000021 -21 -19 14 000000000020 -66 -66 9 000000000001 -90 -88 5
2017-12-15 16:49:33 1513352973233 NodeID 2 Last 128 Counter 104 DataLen 36 Contacts [ID-last-max-cnt] 000000000020 -31 -29 16 000000000001 -88 -85 8 000000000021 -72 -72 13 000000000022 -85 -82 4
2017-12-15 16:49:39 1513352979221 NodeID 132 Last 128 Counter 59 DataLen 36 Contacts [ID-last-max-cnt] 000000000022 -24 -21 16 000000000021 -80 -74 15 000000000023 -82 -78 15 000000000020 -92 -92 1
2017-12-15 16:49:46 1513352986219 NodeID 4 Last 128 Counter 12 DataLen 36 Contacts [ID-last-max-cnt] 000000000020 -67 -67 8 000000000021 -22 -19 15 000000000001 -89 -89 4 000000000022 -75 -75 3
2017-12-15 16:50:06 1513353006218 NodeID 135 Last 128 Counter 109 DataLen 18 Contacts [ID-last-max-cnt] 000000000023 -19 -19 17 000000000022 -72 -72 9
2017-12-15 16:50:33 1513353033216 NodeID 132 Last 128 Counter 60 DataLen 27 Contacts [ID-last-max-cnt] 000000000023 -80 -79 14 000000000022 -21 -21 16 000000000021 -74 -74 14
2017-12-15 16:50:53 1513353053216 NodeID 132 Last 128 Counter 60 DataLen 27 Contacts [ID-last-max-cnt] 000000000023 -80 -79 14 000000000022 -21 -21 16 000000000021 -74 -74 14
2017-12-15 16:50:53 1513353053231 NodeID 2 Last 128 Counter 105 DataLen 36 Contacts [ID-last-max-cnt] 000000000020 -31 -29 17 000000000021 -74 -73 14 000000000022 -83 -83 4 000000000001 -85 -84 7
2017-12-15 16:51:07 1513353067226 NodeID 4 Last 128 Counter 13 DataLen 36 Contacts [ID-last-max-cnt] 000000000021 -19 -19 17 000000000020 -79 -67 7 000000000022 -82 -74 10 000000000001 -89 -88 2
2017-12-15 16:51:30 1513353090220 NodeID 135 Last 128 Counter 110 DataLen 27 Contacts [ID-last-max-cnt] 000000000022 -85 -72 13 000000000023 -19 -19 15 000000000021 -96 -96 1
2017-12-15 16:51:51 1513353111053 NodeID 135 Last 128 Counter 110 DataLen 27 Contacts [ID-last-max-cnt] 000000000022 -85 -72 13 000000000023 -19 -19 15 000000000021 -96 -96 1
2017-12-15 16:52:03 1513353123225 NodeID 132 Last 128 Counter 61 DataLen 36 Contacts [ID-last-max-cnt] 000000000022 -22 -21 17 000000000021 -75 -74 17 000000000020 -92 -92 3 000000000023 -83 -79 15
2017-12-15 16:52:06 1513353126218 NodeID 135 Last 128 Counter 111 DataLen 18 Contacts [ID-last-max-cnt] 000000000023 -19 -19 17 000000000022 -72 -72 14
2017-12-15 16:52:09 1513353129212 NodeID 4 Last 128 Counter 14 DataLen 36 Contacts [ID-last-max-cnt] 000000000022 -87 -75 9 000000000021 -21 -19 15 000000000020 -78 -67 12 000000000001 -91 -91 1
2017-12-15 16:52:33 1513353153215 NodeID 132 Last 128 Counter 62 DataLen 36 Contacts [ID-last-max-cnt] 000000000023 -80 -79 16 000000000022 -24 -21 16 000000000021 -81 -74 16 000000000020 -91 -91 4
2017-12-15 16:52:43 1513353163222 NodeID 4 Last 128 Counter 15 DataLen 36 Contacts [ID-last-max-cnt] 000000000022 -77 -76 11 000000000021 -19 -19 16 000000000020 -68 -67 10 000000000001 -90 -90 2
2017-12-15 16:52:52 1513353172221 NodeID 2 Last 128 Counter 108 DataLen 36 Contacts [ID-last-max-cnt] 000000000022 -83 -83 5 000000000021 -77 -72 14 000000000020 -68 -29 16 000000000001 -85 -84 11
2017-12-15 16:53:01 1513353181220 NodeID 2 Last 128 Counter 108 DataLen 36 Contacts [ID-last-max-cnt] 000000000022 -83 -83 5 000000000021 -77 -72 14 000000000020 -68 -29 16 000000000001 -85 -84 11
2017-12-15 16:53:12 1513353192621 NodeID 4 Last 128 Counter 15 DataLen 36 Contacts [ID-last-max-cnt] 000000000022 -77 -76 11 000000000021 -19 -19 16 000000000020 -68 -67 10 000000000001 -90 -90 2
2017-12-15 16:53:12 1513353192654 NodeID 135 Last 128 Counter 112 DataLen 18 Contacts [ID-last-max-cnt] 000000000022 -85 -72 13 000000000023 -19 -19 16
2017-12-15 16:53:17 1513353197217 NodeID 132 Last 128 Counter 63 DataLen 36 Contacts [ID-last-max-cnt] 000000000020 -92 -92 1 000000000023 -83 -79 15 000000000022 -22 -21 16 000000000021 -75 -74 15
2017-12-15 16:53:19 1513353199218 NodeID 4 Last 128 Counter 17 DataLen 36 Contacts [ID-last-max-cnt] 000000000021 -22 -19 16 000000000020 -68 -68 4 000000000022 -76 -76 6 000000000001 -90 -90 1
2017-12-15 16:53:29 1513353209210 NodeID 132 Last 128 Counter 64 DataLen 36 Contacts [ID-last-max-cnt] 000000000023 -82 -79 16 000000000021 -74 -74 12 000000000022 -21 -21 16 000000000020 -92 -91 2
2017-12-15 16:53:36 1513353216223 NodeID 2 Last 128 Counter 109 DataLen 36 Contacts [ID-last-max-cnt] 000000000020 -30 -29 15 000000000021 -73 -72 9 000000000001 -87 -84 10 000000000022 -93 -93 1
2017-12-15 16:53:49 1513353229210 NodeID 135 Last 128 Counter 114 DataLen 18 Contacts [ID-last-max-cnt] 000000000023 -19 -19 16 000000000022 -89 -72 13
2017-12-15 16:54:10 1513353250218 NodeID 2 Last 128 Counter 110 DataLen 36 Contacts [ID-last-max-cnt] 000000000022 -83 -83 6 000000000021 -71 -71 17 000000000001 -86 -84 10 000000000020 -32 -29 16
2017-12-15 16:54:19 1513353259217 NodeID 2 Last 128 Counter 111 DataLen 36 Contacts [ID-last-max-cnt] 000000000020 -32 -29 15 000000000021 -73 -70 12 000000000022 -83 -83 5 000000000001 -85 -84 8
2017-12-15 16:54:23 1513353263221 NodeID 135 Last 128 Counter 116 DataLen 18 Contacts [ID-last-max-cnt] 000000000023 -19 -19 16 000000000022 -90 -72 8
2017-12-15 16:54:23 1513353263237 NodeID 132 Last 128 Counter 67 DataLen 27 Contacts [ID-last-max-cnt] 000000000023 -84 -79 17 000000000022 -21 -21 16 000000000021 -75 -73 16
2017-12-15 16:54:35 1513353275226 NodeID 135 Last 128 Counter 117 DataLen 18 Contacts [ID-last-max-cnt] 000000000023 -20 -19 17 000000000022 -83 -72 17
2017-12-15 16:54:35 1513353275226 NodeID 4 Last 128 Counter 19 DataLen 36 Contacts [ID-last-max-cnt] 000000000020 -78 -67 9 000000000021 -21 -19 15 000000000022 -87 -75 6 000000000001 -93 -93 1
2017-12-15 16:54:42 1513353282207 NodeID 132 Last 128 Counter 68 DataLen 36 Contacts [ID-last-max-cnt] 000000000023 -82 -79 15 000000000022 -24 -21 16 000000000021 -81 -74 15 000000000020 -92 -91 3
2017-12-15 16:54:46 1513353286210 NodeID 4 Last 128 Counter 20 DataLen 36 Contacts [ID-last-max-cnt] 000000000022 -89 -76 8 000000000021 -19 -19 17 000000000020 -78 -67 11 000000000001 -91 -91 1
2017-12-15 16:54:47 1513353287219 NodeID 132 Last 128 Counter 69 DataLen 36 Contacts [ID-last-max-cnt] 000000000023 -80 -79 17 000000000022 -21 -21 16 000000000021 -74 -74 16 000000000020 -92 -92 1
2017-12-15 16:54:48 1513353288212 NodeID 135 Last 128 Counter 119 DataLen 18 Contacts [ID-last-max-cnt] 000000000023 -19 -19 16 000000000022 -84 -72 14
2017-12-15 16:54:49 1513353289220 NodeID 4 Last 128 Counter 21 DataLen 27 Contacts [ID-last-max-cnt] 000000000022 -76 -75 9 000000000021 -19 -19 16 000000000020 -67 -67 6
2017-12-15 16:54:56 1513353296218 NodeID 2 Last 128 Counter 112 DataLen 36 Contacts [ID-last-max-cnt] 000000000020 -35 -29 15 000000000022 -83 -83 5 000000000001 -83 -83 11 000000000021 -72 -72 13
2017-12-15 16:55:19 1513353319212 NodeID 2 Last 128 Counter 113 DataLen 36 Contacts [ID-last-max-cnt] 000000000020 -29 -29 15 000000000021 -75 -73 11 000000000001 -84 -84 9 000000000022 -84 -82 4
2017-12-15 16:55:47 1513353347218 NodeID 4 Last 128 Counter 22 DataLen 36 Contacts [ID-last-max-cnt] 000000000021 -20 -19 16 000000000022 -75 -75 10 000000000020 -82 -67 10 000000000001 -92 -92 1
2017-12-15 16:55:48 1513353348211 NodeID 132 Last 128 Counter 70 DataLen 27 Contacts [ID-last-max-cnt] 000000000023 -83 -79 15 000000000022 -22 -21 16 000000000021 -81 -74 14
2017-12-15 16:55:48 1513353348228 NodeID 135 Last 128 Counter 120 DataLen 18 Contacts [ID-last-max-cnt] 000000000023 -26 -19 17 000000000022 -89 -71 13
2017-12-15 16:55:50 1513353350212 NodeID 2 Last 128 Counter 114 DataLen 36 Contacts [ID-last-max-cnt] 000000000020 -32 -29 15 000000000021 -72 -72 10 000000000001 -88 -83 8 000000000022 -83 -83 3
2017-12-15 16:55:55 1513353355208 NodeID 132 Last 128 Counter 71 DataLen 36 Contacts [ID-last-max-cnt] 000000000021 -74 -74 16 000000000023 -80 -79 15 000000000022 -21 -21 16 000000000020 -93 -93 2
2017-12-15 16:55:59 1513353359212 NodeID 4 Last 128 Counter 23 DataLen 36 Contacts [ID-last-max-cnt] 000000000021 -19 -19 14 000000000020 -67 -67 13 000000000022 -75 -75 11 000000000001 -88 -88 1
2017-12-15 16:56:02 1513353362222 NodeID 135 Last 128 Counter 121 DataLen 18 Contacts [ID-last-max-cnt] 000000000023 -19 -19 16 000000000022 -85 -71 12
2017-12-15 16:56:09 1513353369219 NodeID 132 Last 128 Counter 72 DataLen 36 Contacts [ID-last-max-cnt] 000000000023 -82 -79 16 000000000022 -22 -21 16 000000000021 -75 -74 15 000000000020 -92 -92 1
2017-12-15 16:56:15 1513353375208 NodeID 4 Last 128 Counter 24 DataLen 36 Contacts [ID-last-max-cnt] 000000000022 -76 -76 7 000000000021 -22 -19 18 000000000020 -81 -67 8 000000000001 -88 -88 1
2017-12-15 16:56:16 1513353376217 NodeID 135 Last 128 Counter 122 DataLen 18 Contacts [ID-last-max-cnt] 000000000023 -19 -19 16 000000000022 -72 -72 13
2017-12-15 16:56:20 1513353380204 NodeID 2 Last 128 Counter 115 DataLen 36 Contacts [ID-last-max-cnt] 000000000020 -29 -29 16 000000000022 -83 -82 7 000000000021 -78 -72 15 000000000001 -83 -83 10
2017-12-15 16:56:32 1513353392214 NodeID 132 Last 128 Counter 73 DataLen 36 Contacts [ID-last-max-cnt] 000000000023 -79 -79 15 000000000021 -74 -74 15 000000000022 -21 -21 16 000000000020 -92 -92 1
2017-12-15 16:56:41 1513353401213 NodeID 135 Last 128 Counter 123 DataLen 18 Contacts [ID-last-max-cnt] 000000000023 -19 -19 16 000000000022 -85 -72 12
2017-12-15 16:56:52 1513353412214 NodeID 2 Last 128 Counter 116 DataLen 36 Contacts [ID-last-max-cnt] 000000000020 -32 -29 16 000000000021 -72 -71 14 000000000022 -82 -82 4 000000000001 -84 -81 8
2017-12-15 16:56:53 1513353413206 NodeID 135 Last 128 Counter 123 DataLen 18 Contacts [ID-last-max-cnt] 000000000023 -19 -19 16 000000000022 -85 -72 12
2017-12-15 16:56:55 1513353415208 NodeID 4 Last 128 Counter 25 DataLen 27 Contacts [ID-last-max-cnt] 000000000020 -68 -67 10 000000000021 -19 -19 15 000000000022 -75 -75 13
2017-12-15 16:57:16 1513353436217 NodeID 132 Last 128 Counter 74 DataLen 36 Contacts [ID-last-max-cnt] 000000000023 -83 -78 17 000000000021 -76 -74 17 000000000022 -21 -21 17 000000000020 -92 -92 1
2017-12-15 16:57:17 1513353437241 NodeID 135 Last 128 Counter 124 DataLen 18 Contacts [ID-last-max-cnt] 000000000023 -19 -19 16 000000000022 -72 -71 13
2017-12-15 16:57:18 1513353438218 NodeID 4 Last 128 Counter 26 DataLen 36 Contacts [ID-last-max-cnt] 000000000021 -21 -19 16 000000000020 -78 -67 7 000000000022 -88 -75 10 000000000001 -91 -91 1
2017-12-15 16:57:20 1513353440220 NodeID 2 Last 128 Counter 117 DataLen 36 Contacts [ID-last-max-cnt] 000000000021 -77 -71 15 000000000022 -83 -82 5 000000000001 -82 -82 9 000000000020 -32 -29 15
2017-12-15 16:57:44 1513353464206 NodeID 4 Last 128 Counter 27 DataLen 36 Contacts [ID-last-max-cnt] 000000000021 -19 -19 14 000000000022 -75 -75 12 000000000020 -79 -67 9 000000000001 -92 -92 1
2017-12-15 16:57:46 1513353466208 NodeID 135 Last 128 Counter 125 DataLen 18 Contacts [ID-last-max-cnt] 000000000023 -19 -19 17 000000000022 -91 -72 13
2017-12-15 16:57:52 1513353472213 NodeID 2 Last 128 Counter 118 DataLen 36 Contacts [ID-last-max-cnt] 000000000020 -30 -29 14 000000000021 -74 -73 15 000000000022 -82 -82 6 000000000001 -86 -82 7
2017-12-15 16:58:12 1513353492213 NodeID 4 Last 128 Counter 28 DataLen 27 Contacts [ID-last-max-cnt] 000000000021 -21 -19 15 000000000020 -78 -67 12 000000000022 -87 -75 8
2017-12-15 16:58:21 1513353501211 NodeID 2 Last 128 Counter 118 DataLen 36 Contacts [ID-last-max-cnt] 000000000020 -30 -29 14 000000000021 -74 -73 15 000000000022 -82 -82 6 000000000001 -86 -82 7
2017-12-15 16:58:26 1513353506207 NodeID 135 Last 128 Counter 126 DataLen 18 Contacts [ID-last-max-cnt] 000000000023 -19 -19 16 000000000022 -85 -72 9
2017-12-15 16:58:34 1513353514213 NodeID 2 Last 128 Counter 119 DataLen 36 Contacts [ID-last-max-cnt] 000000000020 -34 -29 16 000000000021 -73 -73 14 000000000001 -92 -82 9 000000000022 -83 -82 6
2017-12-15 16:58:42 1513353522204 NodeID 4 Last 128 Counter 29 DataLen 36 Contacts [ID-last-max-cnt] 000000000021 -19 -19 15 000000000020 -79 -67 9 000000000022 -87 -75 7 000000000001 -91 -91 1
2017-12-15 16:58:52 1513353532180 NodeID 2 Last 128 Counter 120 DataLen 36 Contacts [ID-last-max-cnt] 000000000020 -29 -19 15 000000000021 -69 -69 12 000000000001 -87 -82 9 000000000022 -83 -82 5
2017-12-15 16:59:02 1513353542204 NodeID 135 Last 128 Counter 127 DataLen 18 Contacts [ID-last-max-cnt] 000000000023 -19 -19 16 000000000022 -91 -72 14
2017-12-15 16:59:12 1513353552211 NodeID 135 Last 128 Counter 1 DataLen 18 Contacts [ID-last-max-cnt] 000000000023 -20 -19 16 000000000022 -85 -71 13
2017-12-15 16:59:17 1513353557207 NodeID 4 Last 128 Counter 30 DataLen 27 Contacts [ID-last-max-cnt] 000000000021 -21 -19 16 000000000022 -76 -74 9 000000000020 -76 -68 12
2017-12-15 16:59:19 1513353559208 NodeID 2 Last 128 Counter 121 DataLen 36 Contacts [ID-last-max-cnt] 000000000020 -32 -29 17 000000000001 -90 -83 9 000000000021 -75 -69 11 000000000022 -83 -83 4
2017-12-15 16:59:33 1513353573235 NodeID 132 Last 128 Counter 75 DataLen 36 Contacts [ID-last-max-cnt] 000000000021 -78 -74 15 000000000022 -24 -21 17 000000000023 -82 -79 15 000000000020 -92 -92 1
2017-12-15 16:59:44 1513353584204 NodeID 4 Last 128 Counter 31 DataLen 27 Contacts [ID-last-max-cnt] 000000000020 -80 -67 14 000000000021 -19 -19 14 000000000022 -86 -75 9
2017-12-15 16:59:50 1513353590209 NodeID 2 Last 128 Counter 122 DataLen 36 Contacts [ID-last-max-cnt] 000000000021 -69 -68 15 000000000001 -85 -84 10 000000000020 -32 -29 16 000000000022 -83 -82 4
2017-12-15 17:00:04 1513353604220 NodeID 132 Last 128 Counter 76 DataLen 36 Contacts [ID-last-max-cnt] 000000000021 -74 -74 17 000000000022 -21 -21 17 000000000023 -79 -79 16 000000000020 -91 -91 2
2017-12-15 17:00:13 1513353613202 NodeID 4 Last 128 Counter 32 DataLen 36 Contacts [ID-last-max-cnt] 000000000020 -68 -67 10 000000000021 -19 -19 16 000000000022 -75 -75 8 000000000001 -92 -92 1
2017-12-15 17:00:22 1513353622218 NodeID 2 Last 128 Counter 123 DataLen 36 Contacts [ID-last-max-cnt] 000000000021 -74 -69 17 000000000022 -82 -82 5 000000000020 -35 -29 16 000000000001 -90 -83 11
2017-12-15 17:00:30 1513353630208 NodeID 132 Last 128 Counter 77 DataLen 36 Contacts [ID-last-max-cnt] 000000000023 -82 -79 15 000000000021 -80 -74 16 000000000022 -24 -21 15 000000000020 -91 -91 4
2017-12-15 17:00:42 1513353642217 NodeID 4 Last 128 Counter 33 DataLen 27 Contacts [ID-last-max-cnt] 000000000020 -80 -67 14 000000000021 -20 -19 14 000000000022 -86 -75 13
2017-12-15 17:00:49 1513353649215 NodeID 2 Last 128 Counter 124 DataLen 36 Contacts [ID-last-max-cnt] 000000000001 -85 -84 10 000000000020 -30 -29 15 000000000021 -71 -69 15 000000000022 -84 -82 4
2017-12-15 17:01:01 1513353661209 NodeID 132 Last 128 Counter 78 DataLen 36 Contacts [ID-last-max-cnt] 000000000023 -79 -79 16 000000000021 -74 -74 16 000000000022 -21 -21 15 000000000020 -93 -91 5
2017-12-15 17:01:13 1513353673202 NodeID 4 Last 128 Counter 34 DataLen 36 Contacts [ID-last-max-cnt] 000000000021 -19 -19 16 000000000022 -76 -75 13 000000000020 -76 -67 11 000000000001 -94 -94 1
2017-12-15 17:01:25 1513353685227 NodeID 2 Last 128 Counter 125 DataLen 36 Contacts [ID-last-max-cnt] 000000000001 -83 -83 9 000000000020 -32 -29 14 000000000021 -75 -68 14 000000000022 -83 -82 6
2017-12-15 17:01:36 1513353696212 NodeID 132 Last 128 Counter 79 DataLen 36 Contacts [ID-last-max-cnt] 000000000023 -83 -79 13 000000000021 -76 -73 14 000000000022 -21 -21 17 000000000020 -91 -91 1
2017-12-15 17:01:40 1513353700215 NodeID 135 Last 128 Counter 2 DataLen 18 Contacts [ID-last-max-cnt] 000000000023 -19 -19 16 000000000022 -72 -71 15
2017-12-15 17:01:42 1513353702216 NodeID 4 Last 128 Counter 34 DataLen 36 Contacts [ID-last-max-cnt] 000000000021 -19 -19 16 000000000022 -76 -75 13 000000000020 -76 -67 11 000000000001 -94 -94 1
2017-12-15 17:01:46 1513353706204 NodeID 4 Last 128 Counter 35 DataLen 27 Contacts [ID-last-max-cnt] 000000000021 -21 -19 15 000000000020 -81 -67 15 000000000022 -86 -75 13
2017-12-15 17:01:49 1513353709214 NodeID 2 Last 128 Counter 126 DataLen 36 Contacts [ID-last-max-cnt] 000000000020 -29 -29 17 000000000021 -72 -69 14 000000000022 -83 -83 6 000000000001 -83 -83 12
2017-12-15 17:02:02 1513353722216 NodeID 132 Last 128 Counter 80 DataLen 36 Contacts [ID-last-max-cnt] 000000000022 -24 -21 16 000000000023 -80 -79 12 000000000021 -83 -74 13 000000000020 -91 -91 1
2017-12-15 17:02:16 1513353736211 NodeID 135 Last 128 Counter 3 DataLen 18 Contacts [ID-last-max-cnt] 000000000023 -19 -19 18 000000000022 -91 -72 12
2017-12-15 17:02:20 1513353740216 NodeID 4 Last 128 Counter 36 DataLen 36 Contacts [ID-last-max-cnt] 000000000021 -19 -19 15 000000000020 -67 -67 14 000000000022 -88 -74 7 000000000001 -91 -91 1
2017-12-15 17:02:43 1513353763208 NodeID 4 Last 128 Counter 37 DataLen 36 Contacts [ID-last-max-cnt] 000000000020 -81 -67 14 000000000021 -21 -19 16 000000000022 -85 -73 16 000000000001 -91 -91 1
2017-12-15 17:03:07 1513353787212 NodeID 132 Last 128 Counter 81 DataLen 36 Contacts [ID-last-max-cnt] 000000000021 -76 -74 13 000000000022 -22 -21 16 000000000023 -83 -79 11 000000000020 -91 -91 5
2017-12-15 17:03:13 1513353793216 NodeID 135 Last 128 Counter 4 DataLen 18 Contacts [ID-last-max-cnt] 000000000023 -20 -19 17 000000000022 -85 -71 11
2017-12-15 17:03:15 1513353795218 NodeID 2 Last 128 Counter 127 DataLen 36 Contacts [ID-last-max-cnt] 000000000020 -30 -29 16 000000000001 -86 -82 7 000000000021 -73 -69 15 000000000022 -82 -82 4
2017-12-15 17:03:24 1513353804217 NodeID 132 Last 128 Counter 82 DataLen 36 Contacts [ID-last-max-cnt] 000000000023 -80 -79 12 000000000021 -80 -74 14 000000000022 -24 -21 16 000000000020 -93 -93 2
2017-12-15 17:03:25 1513353805212 NodeID 135 Last 128 Counter 5 DataLen 18 Contacts [ID-last-max-cnt] 000000000023 -19 -19 16 000000000022 -90 -72 15
2017-12-15 17:03:25 1513353805228 NodeID 4 Last 128 Counter 38 DataLen 27 Contacts [ID-last-max-cnt] 000000000020 -76 -67 7 000000000021 -20 -19 16 000000000022 -86 -75 8
2017-12-15 17:03:37 1513353817204 NodeID 2 Last 128 Counter 1 DataLen 36 Contacts [ID-last-max-cnt] 000000000020 -32 -29 16 000000000001 -88 -83 12 000000000021 -69 -67 15 000000000022 -82 -82 4
2017-12-15 17:03:50 1513353830206 NodeID 2 Last 128 Counter 1 DataLen 36 Contacts [ID-last-max-cnt] 000000000020 -32 -29 16 000000000001 -88 -83 12 000000000021 -69 -67 15 000000000022 -82 -82 4
2017-12-15 17:03:52 1513353832224 NodeID 132 Last 128 Counter 83 DataLen 27 Contacts [ID-last-max-cnt] 000000000021 -76 -74 15 000000000022 -22 -21 16 000000000023 -83 -79 12
2017-12-15 17:03:53 1513353833201 NodeID 135 Last 128 Counter 6 DataLen 18 Contacts [ID-last-max-cnt] 000000000023 -19 -19 16 000000000022 -85 -72 14
2017-12-15 17:03:53 1513353833217 NodeID 4 Last 128 Counter 39 DataLen 27 Contacts [ID-last-max-cnt] 000000000020 -76 -68 7 000000000021 -21 -19 15 000000000022 -88 -75 4
2017-12-15 17:03:53 1513353833234 NodeID 2 Last 128 Counter 2 DataLen 36 Contacts [ID-last-max-cnt] 000000000021 -71 -69 14 000000000022 -83 -82 5 000000000001 -90 -85 10 000000000020 -32 -29 16
2017-12-15 17:04:04 1513353844201 NodeID 132 Last 128 Counter 84 DataLen 36 Contacts [ID-last-max-cnt] 000000000023 -82 -79 16 000000000021 -80 -74 16 000000000022 -24 -21 17 000000000020 -90 -90 2
2017-12-15 17:04:19 1513353859205 NodeID 2 Last 128 Counter 3 DataLen 36 Contacts [ID-last-max-cnt] 000000000021 -68 -68 13 000000000020 -29 -29 15 000000000001 -89 -83 9 000000000022 -82 -82 4
2017-12-15 17:04:22 1513353862200 NodeID 4 Last 128 Counter 40 DataLen 36 Contacts [ID-last-max-cnt] 000000000020 -78 -67 16 000000000021 -19 -19 15 000000000022 -88 -75 14 000000000001 -93 -91 3
2017-12-15 17:04:36 1513353876813 NodeID 135 Last 128 Counter 7 DataLen 18 Contacts [ID-last-max-cnt] 000000000023 -19 -19 16 000000000022 -85 -72 13
2017-12-15 17:04:45 1513353885209 NodeID 132 Last 128 Counter 85 DataLen 36 Contacts [ID-last-max-cnt] 000000000023 -79 -79 13 000000000021 -74 -74 12 000000000022 -21 -21 16 000000000020 -91 -91 2
2017-12-15 17:04:48 1513353888204 NodeID 135 Last 128 Counter 8 DataLen 18 Contacts [ID-last-max-cnt] 000000000023 -20 -19 17 000000000022 -85 -72 13
2017-12-15 17:04:54 1513353894209 NodeID 2 Last 128 Counter 4 DataLen 36 Contacts [ID-last-max-cnt] 000000000022 -83 -83 3 000000000021 -74 -69 13 000000000001 -89 -84 9 000000000020 -44 -29 17
2017-12-15 17:05:02 1513353902215 NodeID 132 Last 128 Counter 86 DataLen 36 Contacts [ID-last-max-cnt] 000000000023 -82 -79 15 000000000021 -80 -74 14 000000000022 -24 -21 16 000000000020 -91 -91 1
2017-12-15 17:05:15 1513353915201 NodeID 135 Last 128 Counter 9 DataLen 18 Contacts [ID-last-max-cnt] 000000000023 -19 -19 16 000000000022 -72 -72 10
2017-12-15 17:05:19 1513353919220 NodeID 4 Last 128 Counter 41 DataLen 36 Contacts [ID-last-max-cnt] 000000000021 -20 -19 17 000000000020 -81 -67 13 000000000022 -86 -75 14 000000000001 -93 -91 2
2017-12-15 17:05:20 1513353920214 NodeID 2 Last 128 Counter 5 DataLen 36 Contacts [ID-last-max-cnt] 000000000020 -29 -29 16 000000000001 -84 -83 7 000000000021 -70 -69 12 000000000022 -83 -83 1
2017-12-15 17:05:37 1513353937699 NodeID 132 Last 128 Counter 87 DataLen 36 Contacts [ID-last-max-cnt] 000000000023 -79 -79 17 000000000021 -76 -74 17 000000000022 -21 -21 16 000000000020 -92 -92 2
2017-12-15 17:05:44 1513353944216 NodeID 135 Last 128 Counter 10 DataLen 18 Contacts [ID-last-max-cnt] 000000000023 -20 -19 16 000000000022 -85 -71 12
2017-12-15 17:05:47 1513353947227 NodeID 4 Last 128 Counter 42 DataLen 36 Contacts [ID-last-max-cnt] 000000000020 -67 -67 15 000000000021 -19 -19 16 000000000022 -75 -75 11 000000000001 -92 -92 1
2017-12-15 17:05:49 1513353949212 NodeID 2 Last 128 Counter 6 DataLen 36 Contacts [ID-last-max-cnt] 000000000020 -32 -29 16 000000000001 -89 -83 8 000000000021 -72 -68 9 000000000022 -83 -82 2
2017-12-15 17:06:01 1513353961205 NodeID 132 Last 128 Counter 88 DataLen 36 Contacts [ID-last-max-cnt] 000000000022 -24 -21 16 000000000020 -92 -91 5 000000000023 -83 -79 15 000000000021 -80 -74 15
2017-12-15 17:06:14 1513353974207 NodeID 135 Last 128 Counter 11 DataLen 18 Contacts [ID-last-max-cnt] 000000000023 -19 -19 17 000000000022 -72 -72 12
2017-12-15 17:06:22 1513353982213 NodeID 4 Last 128 Counter 43 DataLen 36 Contacts [ID-last-max-cnt] 000000000021 -20 -19 16 000000000020 -79 -68 13 000000000022 -75 -75 10 000000000001 -92 -92 1
2017-12-15 17:06:24 1513353984215 NodeID 2 Last 128 Counter 7 DataLen 36 Contacts [ID-last-max-cnt] 000000000020 -29 -29 17 000000000001 -86 -84 9 000000000021 -73 -70 15 000000000022 -83 -83 6
2017-12-15 17:06:31 1513353991212 NodeID 132 Last 128 Counter 89 DataLen 36 Contacts [ID-last-max-cnt] 000000000022 -21 -21 16 000000000021 -74 -74 15 000000000023 -83 -79 13 000000000020 -92 -91 6
2017-12-15 17:06:58 1513354018209 NodeID 135 Last 128 Counter 12 DataLen 18 Contacts [ID-last-max-cnt] 000000000022 -85 -72 14 000000000023 -19 -19 16
2017-12-15 17:06:59 1513354019202 NodeID 4 Last 128 Counter 44 DataLen 36 Contacts [ID-last-max-cnt] 000000000021 -19 -19 16 000000000020 -68 -68 16 000000000022 -75 -74 12 000000000001 -93 -93 1
2017-12-15 17:07:04 1513354024198 NodeID 2 Last 128 Counter 8 DataLen 36 Contacts [ID-last-max-cnt] 000000000020 -29 -29 15 000000000001 -88 -83 12 000000000021 -76 -70 12 000000000022 -82 -82 4
2017-12-15 17:07:12 1513354032204 NodeID 4 Last 128 Counter 45 DataLen 27 Contacts [ID-last-max-cnt] 000000000021 -21 -19 16 000000000022 -86 -75 10 000000000020 -77 -67 15
2017-12-15 17:07:19 1513354039202 NodeID 2 Last 128 Counter 9 DataLen 36 Contacts [ID-last-max-cnt] 000000000021 -73 -69 15 000000000020 -29 -29 16 000000000001 -84 -83 9 000000000022 -82 -82 8
2017-12-15 17:07:25 1513354045207 NodeID 132 Last 128 Counter 90 DataLen 36 Contacts [ID-last-max-cnt] 000000000023 -82 -79 15 000000000021 -76 -74 14 000000000022 -21 -21 16 000000000020 -92 -92 2
2017-12-15 17:07:28 1513354048201 NodeID 135 Last 128 Counter 13 DataLen 18 Contacts [ID-last-max-cnt] 000000000023 -19 -19 16 000000000022 -72 -72 9
2017-12-15 17:07:31 1513354051211 NodeID 132 Last 128 Counter 91 DataLen 36 Contacts [ID-last-max-cnt] 000000000023 -80 -79 16 000000000021 -74 -74 16 000000000022 -21 -21 16 000000000020 -91 -91 2
2017-12-15 17:07:41 1513354061700 NodeID 135 Last 128 Counter 14 DataLen 18 Contacts [ID-last-max-cnt] 000000000023 -19 -19 16 000000000022 -85 -72 12
2017-12-15 17:07:49 1513354069210 NodeID 2 Last 128 Counter 10 DataLen 36 Contacts [ID-last-max-cnt] 000000000001 -84 -83 8 000000000020 -29 -29 17 000000000022 -82 -82 4 000000000021 -71 -71 13
2017-12-15 17:07:53 1513354073212 NodeID 4 Last 128 Counter 46 DataLen 36 Contacts [ID-last-max-cnt] 000000000022 -88 -75 11 000000000020 -68 -67 13 000000000021 -19 -19 13 000000000001 -91 -91 2
2017-12-15 17:08:02 1513354082212 NodeID 132 Last 128 Counter 92 DataLen 36 Contacts [ID-last-max-cnt] 000000000020 -92 -92 4 000000000022 -21 -21 16 000000000021 -76 -74 14 000000000023 -83 -79 15
2017-12-15 17:08:12 1513354092203 NodeID 4 Last 128 Counter 47 DataLen 36 Contacts [ID-last-max-cnt] 000000000021 -21 -19 15 000000000022 -87 -74 12 000000000020 -76 -67 11 000000000001 -91 -90 2
2017-12-15 17:08:17 1513354097215 NodeID 135 Last 128 Counter 15 DataLen 18 Contacts [ID-last-max-cnt] 000000000023 -26 -19 15 000000000022 -71 -71 13
2017-12-15 17:08:22 1513354102211 NodeID 2 Last 128 Counter 11 DataLen 36 Contacts [ID-last-max-cnt] 000000000022 -81 -81 2 000000000021 -72 -70 13 000000000001 -89 -84 5 000000000020 -43 -29 14
2017-12-15 17:08:31 1513354111210 NodeID 132 Last 128 Counter 93 DataLen 36 Contacts [ID-last-max-cnt] 000000000022 -24 -21 17 000000000021 -81 -73 15 000000000023 -81 -79 15 000000000020 -93 -93 1
2017-12-15 17:08:43 1513354123220 NodeID 4 Last 128 Counter 48 DataLen 36 Contacts [ID-last-max-cnt] 000000000020 -80 -68 15 000000000022 -76 -75 14 000000000021 -20 -19 15 000000000001 -91 -91 3
2017-12-15 17:08:44 1513354124212 NodeID 135 Last 128 Counter 16 DataLen 18 Contacts [ID-last-max-cnt] 000000000023 -19 -19 17 000000000022 -91 -72 13
2017-12-15 17:08:49 1513354129224 NodeID 2 Last 128 Counter 12 DataLen 36 Contacts [ID-last-max-cnt] 000000000020 -29 -29 16 000000000021 -72 -70 12 000000000001 -91 -84 5 000000000022 -82 -82 3
2017-12-15 17:09:02 1513354142210 NodeID 132 Last 128 Counter 94 DataLen 36 Contacts [ID-last-max-cnt] 000000000020 -91 -91 2 000000000023 -82 -79 16 000000000022 -21 -21 16 000000000021 -75 -74 14
2017-12-15 17:09:15 1513354155197 NodeID 135 Last 128 Counter 17 DataLen 18 Contacts [ID-last-max-cnt] 000000000022 -85 -71 14 000000000023 -20 -19 17
2017-12-15 17:09:16 1513354156206 NodeID 4 Last 128 Counter 49 DataLen 36 Contacts [ID-last-max-cnt] 000000000021 -21 -19 15 000000000020 -77 -67 15 000000000022 -75 -75 10 000000000001 -89 -89 1
2017-12-15 17:09:19 1513354159200 NodeID 2 Last 128 Counter 13 DataLen 36 Contacts [ID-last-max-cnt] 000000000020 -33 -29 14 000000000001 -84 -83 5 000000000022 -83 -82 5 000000000021 -75 -72 12
2017-12-15 17:09:31 1513354171212 NodeID 132 Last 128 Counter 95 DataLen 36 Contacts [ID-last-max-cnt] 000000000023 -82 -79 15 000000000022 -24 -21 16 000000000021 -81 -74 15 000000000020 -93 -93 1
